Log file open, 06/15/18 00:38:14
LogWindows: Failed to load 'aqProf.dll' (GetLastError=126)
LogWindows: File 'aqProf.dll' does not exist
LogWindows: Failed to load 'VtuneApi.dll' (GetLastError=126)
LogWindows: File 'VtuneApi.dll' does not exist
LogWindows: Failed to load 'VtuneApi32e.dll' (GetLastError=126)
LogWindows: File 'VtuneApi32e.dll' does not exist
LogInit: Display: Running engine for game: SalwaRTS
LogPlatformFile: Not using cached read wrapper
LogInit: Display: RandInit(-769481261) SRandInit(-769481261).
LogInit: Read version file with build ID '3944462'
LogInit: Overriding engine version to CL 4033788, compatible CL 3944462
LogInit: Registered custom module enumerator with build ID '3944462'
LogTaskGraph: Started task graph with 5 named threads and 23 total threads with 3 sets of task threads.
LogStats: Stats thread started at 0.348319
LogD3D11RHI: Aftermath initialized
LogICUInternationalization: Display: ICU TimeZone Detection - Raw Offset: +1:00, Platform Override: ''
LogPluginManager: Mounting plugin Paper2D
LogPluginManager: Mounting plugin LiveLink
LogPluginManager: Mounting plugin LightPropagationVolume
LogPluginManager: Mounting plugin CLionSourceCodeAccess
LogPluginManager: Mounting plugin CodeLiteSourceCodeAccess
LogPluginManager: Mounting plugin GitSourceControl
LogPluginManager: Mounting plugin KDevelopSourceCodeAccess
LogPluginManager: Mounting plugin NullSourceCodeAccess
LogPluginManager: Mounting plugin PerforceSourceControl
LogPluginManager: Mounting plugin SubversionSourceControl
LogPluginManager: Mounting plugin UObjectPlugin
LogPluginManager: Mounting plugin VisualStudioCodeSourceCodeAccess
LogPluginManager: Mounting plugin VisualStudioSourceCodeAccess
LogPluginManager: Mounting plugin XCodeSourceCodeAccess
LogPluginManager: Mounting plugin AssetManagerEditor
LogPluginManager: Mounting plugin CryptoKeys
LogPluginManager: Mounting plugin DataValidation
LogPluginManager: Mounting plugin FacialAnimation
LogPluginManager: Mounting plugin GameplayTagsEditor
LogPluginManager: Mounting plugin MobileLauncherProfileWizard
LogPluginManager: Mounting plugin PluginBrowser
LogPluginManager: Mounting plugin SpeedTreeImporter
LogPluginManager: Mounting plugin DatasmithContent
LogPluginManager: Mounting plugin AlembicImporter
LogPluginManager: Mounting plugin CharacterAI
LogPluginManager: Mounting plugin HTML5Networking
LogPluginManager: Mounting plugin AndroidMedia
LogPluginManager: Mounting plugin AvfMedia
LogPluginManager: Mounting plugin ImgMedia
LogPluginManager: Mounting plugin LinearTimecode
LogPluginManager: Mounting plugin MediaCompositing
LogPluginManager: Mounting plugin MediaPlayerEditor
LogPluginManager: Mounting plugin WmfMedia
LogPluginManager: Mounting plugin TcpMessaging
LogPluginManager: Mounting plugin UdpMessaging
LogPluginManager: Mounting plugin ActorSequence
LogPluginManager: Mounting plugin LevelSequenceEditor
LogPluginManager: Mounting plugin MatineeToLevelSequence
LogPluginManager: Mounting plugin NetcodeUnitTest
LogPluginManager: Mounting plugin NUTUnrealEngine4
LogPluginManager: Mounting plugin OnlineSubsystemGooglePlay
LogPluginManager: Mounting plugin OnlineSubsystemIOS
LogPluginManager: Mounting plugin OnlineSubsystem
LogPluginManager: Mounting plugin OnlineSubsystemNull
LogPluginManager: Mounting plugin OnlineSubsystemUtils
LogPluginManager: Mounting plugin AndroidDeviceProfileSelector
LogPluginManager: Mounting plugin AndroidMoviePlayer
LogPluginManager: Mounting plugin AndroidPermission
LogPluginManager: Mounting plugin AppleARKit
LogPluginManager: Mounting plugin AppleMoviePlayer
LogPluginManager: Mounting plugin ArchVisCharacter
LogPluginManager: Mounting plugin AudioCapture
LogPluginManager: Mounting plugin CableComponent
LogPluginManager: Mounting plugin CustomMeshComponent
LogPluginManager: Mounting plugin ExampleDeviceProfileSelector
LogPluginManager: Mounting plugin GoogleCloudMessaging
LogPluginManager: Mounting plugin ImmediatePhysics
LogPluginManager: Mounting plugin IOSDeviceProfileSelector
LogPluginManager: Mounting plugin LinuxDeviceProfileSelector
LogPluginManager: Mounting plugin LocationServicesBPLibrary
LogPluginManager: Mounting plugin MobilePatchingUtils
LogPluginManager: Mounting plugin OculusVR
LogPluginManager: Plugin shader directory ../../../Engine/Plugins/Runtime/Oculus/OculusVR/Shaders found
LogPluginManager: Mapping shader source directory ../../../Engine/Plugins/Runtime/Oculus/OculusVR/Shaders to virtual directory /Plugin/OculusVR
LogPluginManager: Mounting plugin PhysXVehicles
LogPluginManager: Mounting plugin ProceduralMeshComponent
LogPluginManager: Mounting plugin RuntimePhysXCooking
LogPluginManager: Mounting plugin SteamVR
LogPluginManager: Mounting plugin WindowsMoviePlayer
LogStreaming: Display: Took  0.072s to configure plugins.
LogModuleManager: Display: Found up-to-date module file C:/Users/Janusz Lorens/Documents/Unreal Projects/RTS/Binaries/Win64/UE4Editor-SalwaRTS.dll (API version 3944462).
LogModuleManager: Display: Found up-to-date module file ../../../Engine/Plugins/2D/Paper2D/Binaries/Win64/UE4Editor-Paper2D.dll (API version 3944462).
LogModuleManager: Display: Found up-to-date module file ../../../Engine/Plugins/2D/Paper2D/Binaries/Win64/UE4Editor-Paper2DEditor.dll (API version 3944462).
LogModuleManager: Display: Found up-to-date module file ../../../Engine/Plugins/2D/Paper2D/Binaries/Win64/UE4Editor-PaperSpriteSheetImporter.dll (API version 3944462).
LogModuleManager: Display: Found up-to-date module file ../../../Engine/Plugins/2D/Paper2D/Binaries/Win64/UE4Editor-PaperTiledImporter.dll (API version 3944462).
LogModuleManager: Display: Found up-to-date module file ../../../Engine/Plugins/2D/Paper2D/Binaries/Win64/UE4Editor-SmartSnapping.dll (API version 3944462).
LogModuleManager: Display: Found up-to-date module file ../../../Engine/Plugins/Animation/LiveLink/Binaries/Win64/UE4Editor-LiveLink.dll (API version 3944462).
LogModuleManager: Display: Found up-to-date module file ../../../Engine/Plugins/Animation/LiveLink/Binaries/Win64/UE4Editor-LiveLinkEditor.dll (API version 3944462).
LogModuleManager: Display: Found up-to-date module file ../../../Engine/Plugins/Blendables/LightPropagationVolume/Binaries/Win64/UE4Editor-LightPropagationVolumeRuntime.dll (API version 3944462).
LogModuleManager: Display: Found up-to-date module file ../../../Engine/Plugins/Blendables/LightPropagationVolume/Binaries/Win64/UE4Editor-LightPropagationVolumeEditor.dll (API version 3944462).
LogModuleManager: Display: Found up-to-date module file ../../../Engine/Plugins/Developer/CLionSourceCodeAccess/Binaries/Win64/UE4Editor-CLionSourceCodeAccess.dll (API version 3944462).
LogModuleManager: Display: Found up-to-date module file ../../../Engine/Plugins/Developer/GitSourceControl/Binaries/Win64/UE4Editor-GitSourceControl.dll (API version 3944462).
LogModuleManager: Display: Found up-to-date module file ../../../Engine/Plugins/Developer/PerforceSourceControl/Binaries/Win64/UE4Editor-PerforceSourceControl.dll (API version 3944462).
LogModuleManager: Display: Found up-to-date module file ../../../Engine/Plugins/Developer/SubversionSourceControl/Binaries/Win64/UE4Editor-SubversionSourceControl.dll (API version 3944462).
LogModuleManager: Display: Found up-to-date module file ../../../Engine/Plugins/Developer/UObjectPlugin/Binaries/Win64/UE4Editor-UObjectPlugin.dll (API version 3944462).
LogModuleManager: Display: Found up-to-date module file ../../../Engine/Plugins/Developer/VisualStudioCodeSourceCodeAccess/Binaries/Win64/UE4Editor-VisualStudioCodeSourceCodeAccess.dll (API version 3944462).
LogModuleManager: Display: Found up-to-date module file ../../../Engine/Plugins/Developer/VisualStudioSourceCodeAccess/Binaries/Win64/UE4Editor-VisualStudioSourceCodeAccess.dll (API version 3944462).
LogModuleManager: Display: Found up-to-date module file ../../../Engine/Plugins/Editor/AssetManagerEditor/Binaries/Win64/UE4Editor-AssetManagerEditor.dll (API version 3944462).
LogModuleManager: Display: Found up-to-date module file ../../../Engine/Plugins/Editor/CryptoKeys/Binaries/Win64/UE4Editor-CryptoKeys.dll (API version 3944462).
LogModuleManager: Display: Found up-to-date module file ../../../Engine/Plugins/Editor/CryptoKeys/Binaries/Win64/UE4Editor-CryptoKeysOpenSSL.dll (API version 3944462).
LogModuleManager: Display: Found up-to-date module file ../../../Engine/Plugins/Editor/DataValidation/Binaries/Win64/UE4Editor-DataValidation.dll (API version 3944462).
LogModuleManager: Display: Found up-to-date module file ../../../Engine/Plugins/Editor/FacialAnimation/Binaries/Win64/UE4Editor-FacialAnimation.dll (API version 3944462).
LogModuleManager: Display: Found up-to-date module file ../../../Engine/Plugins/Editor/FacialAnimation/Binaries/Win64/UE4Editor-FacialAnimationEditor.dll (API version 3944462).
LogModuleManager: Display: Found up-to-date module file ../../../Engine/Plugins/Editor/GameplayTagsEditor/Binaries/Win64/UE4Editor-GameplayTagsEditor.dll (API version 3944462).
LogModuleManager: Display: Found up-to-date module file ../../../Engine/Plugins/Editor/MobileLauncherProfileWizard/Binaries/Win64/UE4Editor-MobileLauncherProfileWizard.dll (API version 3944462).
LogModuleManager: Display: Found up-to-date module file ../../../Engine/Plugins/Editor/PluginBrowser/Binaries/Win64/UE4Editor-PluginBrowser.dll (API version 3944462).
LogModuleManager: Display: Found up-to-date module file ../../../Engine/Plugins/Editor/SpeedTreeImporter/Binaries/Win64/UE4Editor-SpeedTreeImporter.dll (API version 3944462).
LogModuleManager: Display: Found up-to-date module file ../../../Engine/Plugins/Enterprise/DatasmithContent/Binaries/Win64/UE4Editor-DatasmithContent.dll (API version 3944462).
LogModuleManager: Display: Found up-to-date module file ../../../Engine/Plugins/Experimental/AlembicImporter/Binaries/Win64/UE4Editor-AlembicImporter.dll (API version 3944462).
LogModuleManager: Display: Found up-to-date module file ../../../Engine/Plugins/Experimental/AlembicImporter/Binaries/Win64/UE4Editor-AlembicLibrary.dll (API version 3944462).
LogModuleManager: Display: Found up-to-date module file ../../../Engine/Plugins/Experimental/CharacterAI/Binaries/Win64/UE4Editor-CharacterAI.dll (API version 3944462).
LogModuleManager: Display: Found up-to-date module file ../../../Engine/Plugins/Experimental/HTML5Networking/Binaries/Win64/UE4Editor-HTML5Networking.dll (API version 3944462).
LogModuleManager: Display: Found up-to-date module file ../../../Engine/Plugins/Media/AndroidMedia/Binaries/Win64/UE4Editor-AndroidMediaEditor.dll (API version 3944462).
LogModuleManager: Display: Found up-to-date module file ../../../Engine/Plugins/Media/AndroidMedia/Binaries/Win64/UE4Editor-AndroidMediaFactory.dll (API version 3944462).
LogModuleManager: Display: Found up-to-date module file ../../../Engine/Plugins/Media/AvfMedia/Binaries/Win64/UE4Editor-AvfMediaEditor.dll (API version 3944462).
LogModuleManager: Display: Found up-to-date module file ../../../Engine/Plugins/Media/AvfMedia/Binaries/Win64/UE4Editor-AvfMediaFactory.dll (API version 3944462).
LogModuleManager: Display: Found up-to-date module file ../../../Engine/Plugins/Media/AvfMedia/Binaries/Win64/UE4Editor-AvfMediaFactory.dll (API version 3944462).
LogModuleManager: Display: Found up-to-date module file ../../../Engine/Plugins/Media/ImgMedia/Binaries/Win64/UE4Editor-ImgMedia.dll (API version 3944462).
LogModuleManager: Display: Found up-to-date module file ../../../Engine/Plugins/Media/ImgMedia/Binaries/Win64/UE4Editor-ImgMediaEditor.dll (API version 3944462).
LogModuleManager: Display: Found up-to-date module file ../../../Engine/Plugins/Media/ImgMedia/Binaries/Win64/UE4Editor-ImgMediaFactory.dll (API version 3944462).
LogModuleManager: Display: Found up-to-date module file ../../../Engine/Plugins/Media/ImgMedia/Binaries/Win64/UE4Editor-ImgMediaFactory.dll (API version 3944462).
LogModuleManager: Display: Found up-to-date module file ../../../Engine/Plugins/Media/ImgMedia/Binaries/Win64/UE4Editor-OpenExrWrapper.dll (API version 3944462).
LogModuleManager: Display: Found up-to-date module file ../../../Engine/Plugins/Media/LinearTimecode/Binaries/Win64/UE4Editor-LinearTimecode.dll (API version 3944462).
LogModuleManager: Display: Found up-to-date module file ../../../Engine/Plugins/Media/MediaCompositing/Binaries/Win64/UE4Editor-MediaCompositing.dll (API version 3944462).
LogModuleManager: Display: Found up-to-date module file ../../../Engine/Plugins/Media/MediaCompositing/Binaries/Win64/UE4Editor-MediaCompositingEditor.dll (API version 3944462).
LogModuleManager: Display: Found up-to-date module file ../../../Engine/Plugins/Media/MediaPlayerEditor/Binaries/Win64/UE4Editor-MediaPlayerEditor.dll (API version 3944462).
LogModuleManager: Display: Found up-to-date module file ../../../Engine/Plugins/Media/WmfMedia/Binaries/Win64/UE4Editor-WmfMedia.dll (API version 3944462).
LogModuleManager: Display: Found up-to-date module file ../../../Engine/Plugins/Media/WmfMedia/Binaries/Win64/UE4Editor-WmfMediaEditor.dll (API version 3944462).
LogModuleManager: Display: Found up-to-date module file ../../../Engine/Plugins/Media/WmfMedia/Binaries/Win64/UE4Editor-WmfMediaFactory.dll (API version 3944462).
LogModuleManager: Display: Found up-to-date module file ../../../Engine/Plugins/Media/WmfMedia/Binaries/Win64/UE4Editor-WmfMediaFactory.dll (API version 3944462).
LogModuleManager: Display: Found up-to-date module file ../../../Engine/Plugins/Messaging/TcpMessaging/Binaries/Win64/UE4Editor-TcpMessaging.dll (API version 3944462).
LogModuleManager: Display: Found up-to-date module file ../../../Engine/Plugins/Messaging/UdpMessaging/Binaries/Win64/UE4Editor-UdpMessaging.dll (API version 3944462).
LogModuleManager: Display: Found up-to-date module file ../../../Engine/Plugins/MovieScene/ActorSequence/Binaries/Win64/UE4Editor-ActorSequence.dll (API version 3944462).
LogModuleManager: Display: Found up-to-date module file ../../../Engine/Plugins/MovieScene/LevelSequenceEditor/Binaries/Win64/UE4Editor-LevelSequenceEditor.dll (API version 3944462).
LogModuleManager: Display: Found up-to-date module file ../../../Engine/Plugins/MovieScene/MatineeToLevelSequence/Binaries/Win64/UE4Editor-MatineeToLevelSequence.dll (API version 3944462).
LogModuleManager: Display: Found up-to-date module file ../../../Engine/Plugins/NetcodeUnitTest/NetcodeUnitTest/Binaries/Win64/UE4Editor-NetcodeUnitTest.dll (API version 3944462).
LogModuleManager: Display: Found up-to-date module file ../../../Engine/Plugins/NetcodeUnitTest/NUTUnrealEngine4/Binaries/Win64/UE4Editor-NUTUnrealEngine4.dll (API version 3944462).
LogModuleManager: Display: Found up-to-date module file ../../../Engine/Plugins/Online/OnlineSubsystem/Binaries/Win64/UE4Editor-OnlineSubsystem.dll (API version 3944462).
LogModuleManager: Display: Found up-to-date module file ../../../Engine/Plugins/Online/OnlineSubsystemNull/Binaries/Win64/UE4Editor-OnlineSubsystemNull.dll (API version 3944462).
LogModuleManager: Display: Found up-to-date module file ../../../Engine/Plugins/Online/OnlineSubsystemUtils/Binaries/Win64/UE4Editor-OnlineSubsystemUtils.dll (API version 3944462).
LogModuleManager: Display: Found up-to-date module file ../../../Engine/Plugins/Online/OnlineSubsystemUtils/Binaries/Win64/UE4Editor-OnlineBlueprintSupport.dll (API version 3944462).
LogModuleManager: Display: Found up-to-date module file ../../../Engine/Plugins/Runtime/AndroidDeviceProfileSelector/Binaries/Win64/UE4Editor-AndroidDeviceProfileSelector.dll (API version 3944462).
LogModuleManager: Display: Found up-to-date module file ../../../Engine/Plugins/Runtime/AndroidPermission/Binaries/Win64/UE4Editor-AndroidPermission.dll (API version 3944462).
LogModuleManager: Display: Found up-to-date module file ../../../Engine/Plugins/Runtime/AppleARKit/Binaries/Win64/UE4Editor-AppleARKit.dll (API version 3944462).
LogModuleManager: Display: Found up-to-date module file ../../../Engine/Plugins/Runtime/ArchVisCharacter/Binaries/Win64/UE4Editor-ArchVisCharacter.dll (API version 3944462).
LogModuleManager: Display: Found up-to-date module file ../../../Engine/Plugins/Runtime/AudioCapture/Binaries/Win64/UE4Editor-AudioCapture.dll (API version 3944462).
LogModuleManager: Display: Found up-to-date module file ../../../Engine/Plugins/Runtime/AudioCapture/Binaries/Win64/UE4Editor-AudioCaptureEditor.dll (API version 3944462).
LogModuleManager: Display: Found up-to-date module file ../../../Engine/Plugins/Runtime/CableComponent/Binaries/Win64/UE4Editor-CableComponent.dll (API version 3944462).
LogModuleManager: Display: Found up-to-date module file ../../../Engine/Plugins/Runtime/CustomMeshComponent/Binaries/Win64/UE4Editor-CustomMeshComponent.dll (API version 3944462).
LogModuleManager: Display: Found up-to-date module file ../../../Engine/Plugins/Runtime/ExampleDeviceProfileSelector/Binaries/Win64/UE4Editor-ExampleDeviceProfileSelector.dll (API version 3944462).
LogModuleManager: Display: Found up-to-date module file ../../../Engine/Plugins/Runtime/ImmediatePhysics/Binaries/Win64/UE4Editor-ImmediatePhysics.dll (API version 3944462).
LogModuleManager: Display: Found up-to-date module file ../../../Engine/Plugins/Runtime/ImmediatePhysics/Binaries/Win64/UE4Editor-ImmediatePhysicsEditor.dll (API version 3944462).
LogModuleManager: Display: Found up-to-date module file ../../../Engine/Plugins/Runtime/LocationServicesBPLibrary/Binaries/Win64/UE4Editor-LocationServicesBPLibrary.dll (API version 3944462).
LogModuleManager: Display: Found up-to-date module file ../../../Engine/Plugins/Runtime/MobilePatchingUtils/Binaries/Win64/UE4Editor-MobilePatchingUtils.dll (API version 3944462).
LogModuleManager: Display: Found up-to-date module file ../../../Engine/Plugins/Runtime/Oculus/OculusVR/Binaries/Win64/UE4Editor-OculusHMD.dll (API version 3944462).
LogModuleManager: Display: Found up-to-date module file ../../../Engine/Plugins/Runtime/Oculus/OculusVR/Binaries/Win64/UE4Editor-OculusInput.dll (API version 3944462).
LogModuleManager: Display: Found up-to-date module file ../../../Engine/Plugins/Runtime/Oculus/OculusVR/Binaries/Win64/UE4Editor-OculusEditor.dll (API version 3944462).
LogModuleManager: Display: Found up-to-date module file ../../../Engine/Plugins/Runtime/PhysXVehicles/Binaries/Win64/UE4Editor-PhysXVehicles.dll (API version 3944462).
LogModuleManager: Display: Found up-to-date module file ../../../Engine/Plugins/Runtime/PhysXVehicles/Binaries/Win64/UE4Editor-PhysXVehiclesEditor.dll (API version 3944462).
LogModuleManager: Display: Found up-to-date module file ../../../Engine/Plugins/Runtime/ProceduralMeshComponent/Binaries/Win64/UE4Editor-ProceduralMeshComponent.dll (API version 3944462).
LogModuleManager: Display: Found up-to-date module file ../../../Engine/Plugins/Runtime/ProceduralMeshComponent/Binaries/Win64/UE4Editor-ProceduralMeshComponentEditor.dll (API version 3944462).
LogModuleManager: Display: Found up-to-date module file ../../../Engine/Plugins/Runtime/RuntimePhysXCooking/Binaries/Win64/UE4Editor-RuntimePhysXCooking.dll (API version 3944462).
LogModuleManager: Display: Found up-to-date module file ../../../Engine/Plugins/Runtime/Steam/SteamVR/Binaries/Win64/UE4Editor-SteamVR.dll (API version 3944462).
LogModuleManager: Display: Found up-to-date module file ../../../Engine/Plugins/Runtime/Steam/SteamVR/Binaries/Win64/UE4Editor-SteamVRController.dll (API version 3944462).
LogModuleManager: Display: Found up-to-date module file ../../../Engine/Plugins/Runtime/WindowsMoviePlayer/Binaries/Win64/UE4Editor-WindowsMoviePlayer.dll (API version 3944462).
LogInit: Using libcurl 7.47.1
LogInit:  - built for x86_64-pc-win32
LogInit:  - supports SSL with OpenSSL/1.0.2g
LogInit:  - supports HTTP deflate (compression) using libz 1.2.8
LogInit:  - other features:
LogInit:      CURL_VERSION_SSL
LogInit:      CURL_VERSION_LIBZ
LogInit:      CURL_VERSION_IPV6
LogInit:      CURL_VERSION_ASYNCHDNS
LogInit:      CURL_VERSION_LARGEFILE
LogInit:      CURL_VERSION_IDN
LogInit:  CurlRequestOptions (configurable via config and command line):
LogInit:  - bVerifyPeer = false  - Libcurl will NOT verify peer certificate
LogInit:  - bUseHttpProxy = false  - Libcurl will NOT use HTTP proxy
LogInit:  - bDontReuseConnections = false  - Libcurl will reuse connections
LogInit:  - CertBundlePath = nullptr  - Libcurl will use whatever was configured at build time.
LogInit:  - MaxHostConnections = 16  - Libcurl will limit the number of connections to a host
LogInit:  - LocalHostAddr = Default
LogInit: WinSock: version 1.1 (2.2), MaxSocks=32767, MaxUdp=65467
LogInit: WinSock: I am DESKTOP-FOLCDC5 (192.168.1.12:0)
LogInit: Build: ++UE4+Release-4.19-CL-4033788
LogInit: Engine Version: 4.19.2-4033788+++UE4+Release-4.19
LogInit: Compatible Engine Version: 4.19.0-3944462+++UE4+Release-4.19
LogInit: Net CL: 3944462
LogDevObjectVersion: Number of dev versions registered: 18
LogDevObjectVersion:   Dev-Blueprints (B0D832E4-1F89-4F0D-ACCF-7EB736FD4AA2): 10
LogDevObjectVersion:   Dev-Build (E1C64328-A22C-4D53-A36C-8E866417BD8C): 0
LogDevObjectVersion:   Dev-Core (375EC13C-06E4-48FB-B500-84F0262A717E): 2
LogDevObjectVersion:   Dev-Editor (E4B068ED-F494-42E9-A231-DA0B2E46BB41): 23
LogDevObjectVersion:   Dev-Framework (CFFC743F-43B0-4480-9391-14DF171D2073): 33
LogDevObjectVersion:   Dev-Mobile (B02B49B5-BB20-44E9-A304-32B752E40360): 2
LogDevObjectVersion:   Dev-Networking (A4E4105C-59A1-49B5-A7C5-40C4547EDFEE): 0
LogDevObjectVersion:   Dev-Online (39C831C9-5AE6-47DC-9A44-9C173E1C8E7C): 0
LogDevObjectVersion:   Dev-Physics (78F01B33-EBEA-4F98-B9B4-84EACCB95AA2): 0
LogDevObjectVersion:   Dev-Platform (6631380F-2D4D-43E0-8009-CF276956A95A): 0
LogDevObjectVersion:   Dev-Rendering (12F88B9F-8875-4AFC-A67C-D90C383ABD29): 25
LogDevObjectVersion:   Dev-Sequencer (7B5AE74C-D270-4C10-A958-57980B212A5A): 6
LogDevObjectVersion:   Dev-VR (D7296918-1DD6-4BDD-9DE2-64A83CC13884): 1
LogDevObjectVersion:   Dev-LoadTimes (C2A15278-BFE7-4AFE-6C17-90FF531DF755): 1
LogDevObjectVersion:   Private-Geometry (6EACA3D4-40EC-4CC1-B786-8BED09428FC5): 2
LogDevObjectVersion:   Dev-AnimPhys (29E575DD-E0A3-4627-9D10-D276232CDCEA): 16
LogDevObjectVersion:   Dev-ReflectionCapture (6B266CEC-1EC7-4B8F-A30B-E4D90942FC07): 1
LogDevObjectVersion:   Dev-Automation (0DF73D61-A23F-47EA-B727-89E90C41499A): 1
LogInit: Compiled (64-bit): Apr 27 2018 02:06:57
LogInit: Compiled with Visual C++: 19.00.24215.01
LogInit: Build Configuration: Development
LogInit: Branch Name: ++UE4+Release-4.19
LogInit: Command Line:  -skipcompile
LogInit: Base Directory: D:/UE_4.19/Engine/Binaries/Win64/
LogInit: Installed Engine Build: 1
LogStreaming: Display: Took  0.002s to delete old logs.
LogInit: Presizing for max 8388607 objects, including 0 objects not considered by GC, pre-allocating 0 bytes for permanent pool.
LogInit: Object subsystem initialized
[2018.06.14-22.38.15:593][  0]LogInit: Selected Device Profile: [Windows]
[2018.06.14-22.38.15:593][  0]LogInit: Applying CVar settings loaded from the selected device profile: [Windows]
[2018.06.14-22.38.15:602][  0]LogInit: Computer: DESKTOP-FOLCDC5
[2018.06.14-22.38.15:602][  0]LogInit: User: JanuszLorens
[2018.06.14-22.38.15:603][  0]LogInit: CPU Page size=4096, Cores=4
[2018.06.14-22.38.15:603][  0]LogInit: High frequency timer resolution =4.101567 MHz
[2018.06.14-22.38.15:603][  0]LogMemory: Memory total: Physical=16.0GB (16GB approx)
[2018.06.14-22.38.15:603][  0]LogMemory: Platform Memory Stats for Windows
[2018.06.14-22.38.15:603][  0]LogMemory: Process Physical Memory: 275.88 MB used, 275.88 MB peak
[2018.06.14-22.38.15:603][  0]LogMemory: Process Virtual Memory: 265.07 MB used, 265.07 MB peak
[2018.06.14-22.38.15:603][  0]LogMemory: Physical Memory: 6863.44 MB used,  9479.74 MB free, 16343.18 MB total
[2018.06.14-22.38.15:603][  0]LogMemory: Virtual Memory: 4789.37 MB used,  9479.74 MB free, 134217728.00 MB total
[2018.06.14-22.38.15:682][  0]LogInit: Using OS detected language (pl-PL).
[2018.06.14-22.38.15:682][  0]LogInit: Using OS detected locale (pl-PL).
[2018.06.14-22.38.15:684][  0]LogTextLocalizationManager: No localization for 'pl-PL' exists, so 'en' will be used for the language.
[2018.06.14-22.38.16:003][  0]LogStreaming: Display: Took  0.320s to EndInitTextLocalization.
[2018.06.14-22.38.16:003][  0]LogInit: Setting process to per monitor DPI aware
[2018.06.14-22.38.16:028][  0]LogSlate: New Slate User Created.  User Index 0, Is Virtual User: 0
[2018.06.14-22.38.16:028][  0]LogSlate: Slate User Registered.  User Index 0, Is Virtual User: 0
[2018.06.14-22.38.16:166][  0]LogD3D11RHI: D3D11 adapters:
[2018.06.14-22.38.16:211][  0]LogD3D11RHI:    0. 'NVIDIA GeForce GTX 1060 6GB' (Feature Level 11_0)
[2018.06.14-22.38.16:211][  0]LogD3D11RHI:       6061/0/8171 MB DedicatedVideo/DedicatedSystem/SharedSystem, Outputs:1, VendorId:0x10de
[2018.06.14-22.38.16:215][  0]LogD3D11RHI:    1. 'Microsoft Basic Render Driver' (Feature Level 11_0)
[2018.06.14-22.38.16:215][  0]LogD3D11RHI:       0/0/8171 MB DedicatedVideo/DedicatedSystem/SharedSystem, Outputs:0, VendorId:0x1414
[2018.06.14-22.38.16:215][  0]LogD3D11RHI: Chosen D3D11 Adapter: 0
[2018.06.14-22.38.16:219][  0]LogD3D11RHI: Creating new Direct3DDevice
[2018.06.14-22.38.16:219][  0]LogD3D11RHI:     GPU DeviceId: 0x1c03 (for the marketing name, search the web for "GPU Device Id")
[2018.06.14-22.38.16:219][  0]LogWindows: EnumDisplayDevices:
[2018.06.14-22.38.16:220][  0]LogWindows:    0. 'NVIDIA GeForce GTX 1060 6GB' (P:1 D:1)
[2018.06.14-22.38.16:220][  0]LogWindows:    1. 'NVIDIA GeForce GTX 1060 6GB' (P:0 D:0)
[2018.06.14-22.38.16:220][  0]LogWindows:    2. 'NVIDIA GeForce GTX 1060 6GB' (P:0 D:0)
[2018.06.14-22.38.16:220][  0]LogWindows:    3. 'NVIDIA GeForce GTX 1060 6GB' (P:0 D:0)
[2018.06.14-22.38.16:220][  0]LogWindows: DebugString: GetVideoDriverDetailsInvalid PrimaryIsNotTheChoosenAdapter GetVideoDriverDetailsInvalid PrimaryIsNotTheChoosenAdapter GetVideoDriverDetailsInvalid PrimaryIsNotTheChoosenAdapter GetVideoDriverDetailsInvalid PrimaryIsNotTheChoosenAdapter FoundDriverCount:0 
[2018.06.14-22.38.16:220][  0]LogD3D11RHI:     Adapter Name: NVIDIA GeForce GTX 1060 6GB
[2018.06.14-22.38.16:220][  0]LogD3D11RHI:   Driver Version: Unknown (internal:Unknown, unified:Unknown)
[2018.06.14-22.38.16:220][  0]LogD3D11RHI:      Driver Date: Unknown
[2018.06.14-22.38.16:220][  0]LogRHI: Texture pool is 4242 MB (70% of 6061 MB)
[2018.06.14-22.38.16:245][  0]LogD3D11RHI: [Aftermath] Aftermath enabled but failed to initialize
[2018.06.14-22.38.16:245][  0]LogD3D11RHI: [Aftermath] Aftermath enabled and primed
[2018.06.14-22.38.16:245][  0]LogD3D11RHI: Async texture creation enabled
[2018.06.14-22.38.16:255][  0]LogD3D11RHI: GPU Timing Frequency: 1000.000000 (Debug: 2 1)
[2018.06.14-22.38.16:303][  0]LogShaderCompilers: Guid format shader working directory is 1 characters bigger than the processId version (C:/Users/Janusz Lorens/Documents/Unreal Projects/RTS/Intermediate/Shaders/WorkingDirectory/11320/).
[2018.06.14-22.38.16:303][  0]LogShaderCompilers: Cleaned the shader compiler working directory 'C:/Users/Janusz Lorens/AppData/Local/Temp/UnrealShaderWorkingDir/D4B25AB141A7E90BF483D28891E6329A/'.
[2018.06.14-22.38.16:457][  0]LogTemp: Display: Loaded TP AllDesktopTargetPlatform
[2018.06.14-22.38.16:472][  0]LogTemp: Display: Loaded TP MacClientTargetPlatform
[2018.06.14-22.38.16:487][  0]LogTemp: Display: Loaded TP MacNoEditorTargetPlatform
[2018.06.14-22.38.16:500][  0]LogTemp: Display: Loaded TP MacServerTargetPlatform
[2018.06.14-22.38.16:514][  0]LogTemp: Display: Loaded TP MacTargetPlatform
[2018.06.14-22.38.16:528][  0]LogTemp: Display: Loaded TP WindowsClientTargetPlatform
[2018.06.14-22.38.16:541][  0]LogTemp: Display: Loaded TP WindowsNoEditorTargetPlatform
[2018.06.14-22.38.16:556][  0]LogTemp: Display: Loaded TP WindowsServerTargetPlatform
[2018.06.14-22.38.16:566][  0]LogTemp: Display: Loaded TP WindowsTargetPlatform
[2018.06.14-22.38.16:578][  0]LogTemp: Display: Loaded TP Android_ASTCTargetPlatform
[2018.06.14-22.38.16:590][  0]LogTemp: Display: Loaded TP Android_ATCTargetPlatform
[2018.06.14-22.38.16:601][  0]LogTemp: Display: Loaded TP Android_DXTTargetPlatform
[2018.06.14-22.38.16:612][  0]LogTemp: Display: Loaded TP Android_ETC1aTargetPlatform
[2018.06.14-22.38.16:624][  0]LogTemp: Display: Loaded TP Android_ETC1TargetPlatform
[2018.06.14-22.38.16:634][  0]LogTemp: Display: Loaded TP Android_ETC2TargetPlatform
[2018.06.14-22.38.16:657][  0]LogTemp: Display: Loaded TP Android_MultiTargetPlatform
[2018.06.14-22.38.16:658][  0]LogTemp: Display: Loaded TP Android_PVRTCTargetPlatform
[2018.06.14-22.38.16:668][  0]LogTemp: Display: Loaded TP AndroidTargetPlatform
[2018.06.14-22.38.16:672][  0]LogTemp: Display: Loaded TP HTML5TargetPlatform
[2018.06.14-22.38.16:716][  0]LogTemp: Display: Loaded TP IOSTargetPlatform
[2018.06.14-22.38.16:727][  0]LogTemp: Display: Loaded TP TVOSTargetPlatform
[2018.06.14-22.38.16:739][  0]LogTemp: Display: Loaded TP LinuxClientTargetPlatform
[2018.06.14-22.38.16:750][  0]LogTemp: Display: Loaded TP LinuxNoEditorTargetPlatform
[2018.06.14-22.38.16:762][  0]LogTemp: Display: Loaded TP LinuxServerTargetPlatform
[2018.06.14-22.38.16:774][  0]LogTemp: Display: Loaded TP LinuxTargetPlatform
[2018.06.14-22.38.16:774][  0]LogTargetPlatformManager: Display: Building Assets For Windows
[2018.06.14-22.38.16:910][  0]LogXGEController: Cleaning working directory: C:/Users/Janusz Lorens/AppData/Local/Temp/UnrealXGEWorkingDir/
[2018.06.14-22.38.16:910][  0]LogXGEController: Cannot use XGE Controller as Incredibuild is not installed on this machine.
[2018.06.14-22.38.16:910][  0]LogShaderCompilers: Cannot use XGE Shader Compiler as Incredibuild is not installed on this machine.
[2018.06.14-22.38.16:910][  0]LogShaderCompilers: Display: Using Local Shader Compiler.
[2018.06.14-22.38.17:389][  0]LogDerivedDataCache: Display: Max Cache Size: 512 MB
[2018.06.14-22.38.17:440][  0]LogDerivedDataCache: Loaded boot cache 0.05s 74MB C:/Users/Janusz Lorens/AppData/Local/UnrealEngine/4.19/DerivedDataCache/Boot.ddc.
[2018.06.14-22.38.17:440][  0]LogDerivedDataCache: Display: Loaded Boot cache: C:/Users/Janusz Lorens/AppData/Local/UnrealEngine/4.19/DerivedDataCache/Boot.ddc
[2018.06.14-22.38.17:440][  0]LogDerivedDataCache: FDerivedDataBackendGraph:  Pak pak cache file C:/Users/Janusz Lorens/Documents/Unreal Projects/RTS/DerivedDataCache/DDC.ddp not found, will not use a pak cache.
[2018.06.14-22.38.17:440][  0]LogDerivedDataCache: Unable to find inner node Pak for hierarchical cache Hierarchy.
[2018.06.14-22.38.17:441][  0]LogDerivedDataCache: FDerivedDataBackendGraph:  CompressedPak pak cache file C:/Users/Janusz Lorens/Documents/Unreal Projects/RTS/DerivedDataCache/Compressed.ddp not found, will not use a pak cache.
[2018.06.14-22.38.17:441][  0]LogDerivedDataCache: Unable to find inner node CompressedPak for hierarchical cache Hierarchy.
[2018.06.14-22.38.17:453][  0]LogDerivedDataCache: Display: Pak cache opened for reading ../../../Engine/DerivedDataCache/Compressed.ddp.
[2018.06.14-22.38.17:466][  0]LogDerivedDataCache: Using Local data cache path C:/Users/Janusz Lorens/AppData/Local/UnrealEngine/Common/DerivedDataCache: Writable
[2018.06.14-22.38.17:466][  0]LogDerivedDataCache: Shared data cache path not found in *engine.ini, will not use an Shared cache.
[2018.06.14-22.38.17:466][  0]LogDerivedDataCache: Unable to find inner node Shared for hierarchical cache Hierarchy.
[2018.06.14-22.38.17:476][  0]LogMaterial: Verifying Global Shaders for PCD3D_SM5
[2018.06.14-22.38.17:476][  0]LogSlate: Using Freetype 2.6.0
[2018.06.14-22.38.17:477][  0]LogSlate: SlateFontCache - WITH_FREETYPE: 1, WITH_HARFBUZZ: 1
[2018.06.14-22.38.17:477][  0]LogSlate: SlateFontCache - WITH_FREETYPE: 1, WITH_HARFBUZZ: 1
[2018.06.14-22.38.17:560][  0]LogAssetRegistry: FAssetRegistry took 0.0270 seconds to start up
[2018.06.14-22.38.17:776][  0]LogInit: Selected Device Profile: [Windows]
[2018.06.14-22.38.17:905][  0]LogSimplygon: Simplygon DLL not present - disabling.
[2018.06.14-22.38.17:912][  0]LogMeshReduction: Using SimplygonSwarm for distributed automatic mesh merging
[2018.06.14-22.38.17:912][  0]LogMeshReduction: Using QuadricMeshReduction for automatic static mesh reduction
[2018.06.14-22.38.17:912][  0]LogMeshReduction: No automatic skeletal mesh reduction module available
[2018.06.14-22.38.17:912][  0]LogMeshReduction: No automatic mesh merging module available
[2018.06.14-22.38.17:912][  0]LogMeshMerging: No automatic mesh merging module available
[2018.06.14-22.38.17:929][  0]LogNetVersion: SalwaRTS , NetCL: 3944462, EngineNetVer: 2, GameNetVer: 0 (Checksum: 3420344292)
[2018.06.14-22.38.18:237][  0]LogPackageLocalizationCache: Processed 9 localized package path(s) for 1 prioritized culture(s) in 0.031260 seconds
[2018.06.14-22.38.18:242][  0]LogUObjectArray: 36728 objects as part of root set at end of initial load.
[2018.06.14-22.38.18:242][  0]LogUObjectAllocator: 7314304 out of 0 bytes used by permanent object pool.
[2018.06.14-22.38.18:242][  0]LogUObjectArray: CloseDisregardForGC: 0/0 objects in disregard for GC pool
[2018.06.14-22.38.19:627][  0]LogTcpMessaging: Initializing TcpMessaging bridge
[2018.06.14-22.38.19:652][  0]LogUdpMessaging: Initializing bridge on interface 0.0.0.0:0 to multicast group 230.0.0.1:6666.
[2018.06.14-22.38.19:952][  0]SourceControl: Source control is disabled
[2018.06.14-22.38.19:952][  0]SourceControl: Source control is disabled
[2018.06.14-22.38.19:967][  0]SourceControl: Source control is disabled
[2018.06.14-22.38.19:982][  0]SourceControl: Source control is disabled
[2018.06.14-22.38.20:393][  0]LogAndroidPermission: UAndroidPermissionCallbackProxy::GetInstance
[2018.06.14-22.38.20:537][  0]LogOcInput: OculusInput pre-init called
[2018.06.14-22.38.20:625][  0]LogEngine: Initializing Engine...
[2018.06.14-22.38.20:626][  0]LogHMD: Failed to initialize OpenVR with code 110
[2018.06.14-22.38.20:627][  0]LogStats: UGameplayTagsManager::ConstructGameplayTagTree: Construct from data asset -  0.000 s
[2018.06.14-22.38.20:628][  0]LogStats: UGameplayTagsManager::ConstructGameplayTagTree: GameplayTagTreeChangedEvent.Broadcast -  0.000 s
[2018.06.14-22.38.20:796][  0]LogAIModule: Creating AISystem for world Untitled
[2018.06.14-22.38.20:845][  0]LogInit: XAudio2 using 'Speakers (Realtek High Definition Audio)' : 2 channels at 48 kHz using 32 bits per sample (channel mask 0x3)
[2018.06.14-22.38.20:859][  0]LogInit: FAudioDevice initialized.
[2018.06.14-22.38.20:928][  0]LogDerivedDataCache: Saved boot cache 0.07s 74MB C:/Users/Janusz Lorens/AppData/Local/UnrealEngine/4.19/DerivedDataCache/Boot.ddc.
[2018.06.14-22.38.20:940][  0]LogInit: Texture streaming: Enabled
[2018.06.14-22.38.20:966][  0]LogEngineSessionManager: EngineSessionManager initialized
[2018.06.14-22.38.20:976][  0]LogInit: Transaction tracking system initialized
[2018.06.14-22.38.21:014][  0]BlueprintLog: New page: Editor Load
[2018.06.14-22.38.21:151][  0]LocalizationService: Localization service is disabled
[2018.06.14-22.38.21:282][  0]LogConsoleResponse: Display: 
[2018.06.14-22.38.21:398][  0]LogCook: Display: Max memory allowance for cook 16384mb min free memory 0mb
[2018.06.14-22.38.21:398][  0]LogCook: Display: Mobile HDR setting 1
[2018.06.14-22.38.21:398][  0]LogGameplayTags: Display: UGameplayTagsManager::DoneAddingNativeTags. DelegateIsBound: 0
[2018.06.14-22.38.21:398][  0]LogStats: UGameplayTagsManager::ConstructGameplayTagTree: Construct from data asset -  0.000 s
[2018.06.14-22.38.21:398][  0]LogStats: UGameplayTagsManager::ConstructGameplayTagTree: GameplayTagTreeChangedEvent.Broadcast -  0.000 s
[2018.06.14-22.38.21:709][  0]LogFileCache: Scanning file cache for directory 'C:/Users/Janusz Lorens/Documents/Unreal Projects/RTS/Content/' took 0.03s
[2018.06.14-22.38.21:709][  0]SourceControl: Source control is disabled
[2018.06.14-22.38.21:709][  0]Cmd: MAP LOAD FILE="C:/Users/Janusz Lorens/Documents/Unreal Projects/RTS/Content/MainContent/Maps/RTS_test_map.umap" TEMPLATE=0 SHOWPROGRESS=1 FEATURELEVEL=3
[2018.06.14-22.38.21:710][  0]LightingResults: New page: Lighting Build
[2018.06.14-22.38.21:711][  0]MapCheck: New page: Map Check
[2018.06.14-22.38.21:712][  0]LightingResults: New page: Lighting Build
[2018.06.14-22.38.21:795][  0]LogUObjectGlobals: Created PersistentFrame Addr=0x0000014a9d45ee00, Size=736, Default__BP_BasicUnit_C Function /Game/MainContent/Blueprints/BP_BasicUnit.BP_BasicUnit_C:ExecuteUbergraph_BP_BasicUnit
[2018.06.14-22.38.21:798][  0]LogUObjectGlobals: Created PersistentFrame Addr=0x0000014a9d467f80, Size=4, Default__WB_StatisticsBars_C Function /Game/MainContent/UI/WB_StatisticsBars.WB_StatisticsBars_C:ExecuteUbergraph_WB_StatisticsBars
[2018.06.14-22.38.21:802][  0]LogUObjectGlobals: Created PersistentFrame Addr=0x0000014a9d3960c0, Size=80, Default__BasicUnit_AnimBlueprint_C Function /Game/AnimStarterPack/BasicUnit_AnimBlueprint.BasicUnit_AnimBlueprint_C:ExecuteUbergraph_BasicUnit_AnimBlueprint
[2018.06.14-22.38.21:873][  0]LogUObjectGlobals: Created PersistentFrame Addr=0x0000014a9db44100, Size=3280, Default__BP_MyPlayerController_C Function /Game/MainContent/Blueprints/BP_MyPlayerController.BP_MyPlayerController_C:ExecuteUbergraph_BP_MyPlayerController
[2018.06.14-22.38.21:920][  0]LogUObjectGlobals: Destroyed PersistentFrame Addr=0x0000014a9d3960c0, Size=80
[2018.06.14-22.38.21:920][  0]LogUObjectGlobals: Created PersistentFrame Addr=0x0000014a9dba3150, Size=80, Default__BasicUnit_AnimBlueprint_C Function /Engine/Transient.REINST_BasicUnit_AnimBlueprint_C_0:ExecuteUbergraph_BasicUnit_AnimBlueprint
[2018.06.14-22.38.21:921][  0]LogUObjectGlobals: Destroyed PersistentFrame Addr=0x0000014a9d467f80, Size=4
[2018.06.14-22.38.21:921][  0]LogUObjectGlobals: Created PersistentFrame Addr=0x0000014a9ded35b8, Size=4, Default__WB_StatisticsBars_C Function /Engine/Transient.REINST_WB_StatisticsBars_C_0:ExecuteUbergraph_WB_StatisticsBars
[2018.06.14-22.38.21:921][  0]LogUObjectGlobals: Destroyed PersistentFrame Addr=0x0000014a9d45ee00, Size=736
[2018.06.14-22.38.21:922][  0]LogUObjectGlobals: Created PersistentFrame Addr=0x0000014a9df2f400, Size=736, Default__BP_BasicUnit_C Function /Engine/Transient.REINST_BP_BasicUnit_C_8:ExecuteUbergraph_BP_BasicUnit
[2018.06.14-22.38.21:923][  0]LogUObjectGlobals: Destroyed PersistentFrame Addr=0x0000014a9db44100, Size=3280
[2018.06.14-22.38.21:923][  0]LogUObjectGlobals: Created PersistentFrame Addr=0x0000014a9df410c0, Size=3280, Default__BP_MyPlayerController_C Function /Engine/Transient.REINST_BP_MyPlayerController_C_9:ExecuteUbergraph_BP_MyPlayerController
[2018.06.14-22.38.21:950][  0]LogUObjectGlobals: Created PersistentFrame Addr=0x0000014a9e409850, Size=80, Default__BasicUnit_AnimBlueprint_C Function /Game/AnimStarterPack/BasicUnit_AnimBlueprint.BasicUnit_AnimBlueprint_C:ExecuteUbergraph_BasicUnit_AnimBlueprint
[2018.06.14-22.38.21:952][  0]LogUObjectGlobals: Created PersistentFrame Addr=0x0000014a9ded2068, Size=4, Default__WB_StatisticsBars_C Function /Game/MainContent/UI/WB_StatisticsBars.WB_StatisticsBars_C:ExecuteUbergraph_WB_StatisticsBars
[2018.06.14-22.38.21:954][  0]LogUObjectGlobals: Created PersistentFrame Addr=0x0000014a9db39000, Size=736, Default__BP_BasicUnit_C Function /Game/MainContent/Blueprints/BP_BasicUnit.BP_BasicUnit_C:ExecuteUbergraph_BP_BasicUnit
[2018.06.14-22.38.21:964][  0]LogUObjectGlobals: Created PersistentFrame Addr=0x0000014a9e36d0c0, Size=3280, Default__BP_MyPlayerController_C Function /Game/MainContent/Blueprints/BP_MyPlayerController.BP_MyPlayerController_C:ExecuteUbergraph_BP_MyPlayerController
[2018.06.14-22.38.21:995][  0]LogUObjectGlobals: Created PersistentFrame Addr=0x0000014a9e492a20, Size=160, Default__WB_StaticText_C Function /Game/MainContent/UI/WB_StaticText.WB_StaticText_C:ExecuteUbergraph_WB_StaticText
[2018.06.14-22.38.21:999][  0]LogUObjectGlobals: Destroyed PersistentFrame Addr=0x0000014a9e492a20, Size=160
[2018.06.14-22.38.21:999][  0]LogUObjectGlobals: Created PersistentFrame Addr=0x0000014a9e490a40, Size=160, Default__WB_StaticText_C Function /Engine/Transient.REINST_WB_StaticText_C_1:ExecuteUbergraph_WB_StaticText
[2018.06.14-22.38.22:002][  0]LogUObjectGlobals: Created PersistentFrame Addr=0x0000014a9e34b560, Size=160, Default__WB_StaticText_C Function /Game/MainContent/UI/WB_StaticText.WB_StaticText_C:ExecuteUbergraph_WB_StaticText
[2018.06.14-22.38.22:003][  0]LogUObjectGlobals: Created PersistentFrame Addr=0x0000014a9d3c4420, Size=32, Default__WB_ActionButton_C Function /Game/MainContent/UI/CombatHud/WB_ActionButton.WB_ActionButton_C:ExecuteUbergraph_WB_ActionButton
[2018.06.14-22.38.22:006][  0]LogUObjectGlobals: Destroyed PersistentFrame Addr=0x0000014a9d3c4420, Size=32
[2018.06.14-22.38.22:006][  0]LogUObjectGlobals: Created PersistentFrame Addr=0x0000014a9d3c4420, Size=32, Default__WB_ActionButton_C Function /Engine/Transient.REINST_WB_ActionButton_C_2:ExecuteUbergraph_WB_ActionButton
[2018.06.14-22.38.22:008][  0]LogUObjectGlobals: Created PersistentFrame Addr=0x0000014a9e37cb00, Size=32, Default__WB_ActionButton_C Function /Game/MainContent/UI/CombatHud/WB_ActionButton.WB_ActionButton_C:ExecuteUbergraph_WB_ActionButton
[2018.06.14-22.38.22:036][  0]LogUObjectGlobals: Created PersistentFrame Addr=0x0000014a9e085a08, Size=40, Default__WB_SingleUnitGroup_C Function /Game/MainContent/UI/CombatHud/WB_SingleUnitGroup.WB_SingleUnitGroup_C:ExecuteUbergraph_WB_SingleUnitGroup
[2018.06.14-22.38.22:040][  0]LogUObjectGlobals: Destroyed PersistentFrame Addr=0x0000014a9e085a08, Size=40
[2018.06.14-22.38.22:040][  0]LogUObjectGlobals: Created PersistentFrame Addr=0x0000014a9e085a08, Size=40, Default__WB_SingleUnitGroup_C Function /Engine/Transient.REINST_WB_SingleUnitGroup_C_5:ExecuteUbergraph_WB_SingleUnitGroup
[2018.06.14-22.38.22:041][  0]LogBlueprint: Error: [Compiler WB_SingleUnitGroup] In use pin  <Unnamed>  no longer exists on node  Select Control Group . Please refresh node or break links to remove pin.
[2018.06.14-22.38.22:042][  0]LogBlueprint: Error: [Compiler WB_SingleUnitGroup] In use pin  Target  no longer exists on node  Select Control Group . Please refresh node or break links to remove pin.
[2018.06.14-22.38.22:042][  0]LogBlueprint: Error: [Compiler WB_SingleUnitGroup] In use pin  Group Index  no longer exists on node  Select Control Group . Please refresh node or break links to remove pin.
[2018.06.14-22.38.22:042][  0]LogBlueprint: Error: [Compiler WB_SingleUnitGroup] Could not find a function named "SelectControlGroup" in 'UnitsSelectionComponent'.
Make sure 'UnitsSelectionComponent' has been compiled for  Select Control Group
[2018.06.14-22.38.22:043][  0]LogUObjectGlobals: Created PersistentFrame Addr=0x0000014a9e085968, Size=40, Default__WB_SingleUnitGroup_C Function /Game/MainContent/UI/CombatHud/WB_SingleUnitGroup.WB_SingleUnitGroup_C:ExecuteUbergraph_WB_SingleUnitGroup
[2018.06.14-22.38.22:044][  0]LogBlueprint: Warning: [Compiler WB_SingleUnitGroup] [0008,48] Compile of WB_SingleUnitGroup failed. 4 Fatal Issue(s) 0 Warning(s) [in 4 ms] (/Game/MainContent/UI/CombatHud/WB_SingleUnitGroup.WB_SingleUnitGroup)
[2018.06.14-22.38.22:045][  0]LogUObjectGlobals: Created PersistentFrame Addr=0x0000014a9e2f55a0, Size=96, Default__WB_GroupedUnitsBar_C Function /Game/MainContent/UI/CombatHud/WB_GroupedUnitsBar.WB_GroupedUnitsBar_C:ExecuteUbergraph_WB_GroupedUnitsBar
[2018.06.14-22.38.22:050][  0]LogUObjectGlobals: Destroyed PersistentFrame Addr=0x0000014a9e2f55a0, Size=96
[2018.06.14-22.38.22:050][  0]LogUObjectGlobals: Created PersistentFrame Addr=0x0000014a9e2f55a0, Size=96, Default__WB_GroupedUnitsBar_C Function /Engine/Transient.REINST_WB_GroupedUnitsBar_C_6:ExecuteUbergraph_WB_GroupedUnitsBar
[2018.06.14-22.38.22:053][  0]LogUObjectGlobals: Created PersistentFrame Addr=0x0000014a9e369060, Size=96, Default__WB_GroupedUnitsBar_C Function /Game/MainContent/UI/CombatHud/WB_GroupedUnitsBar.WB_GroupedUnitsBar_C:ExecuteUbergraph_WB_GroupedUnitsBar
[2018.06.14-22.38.22:060][  0]LogUObjectGlobals: Created PersistentFrame Addr=0x0000014a9e310758, Size=52, Default__WB_SingleUnit_C Function /Game/MainContent/UI/CombatHud/WB_SingleUnit.WB_SingleUnit_C:ExecuteUbergraph_WB_SingleUnit
[2018.06.14-22.38.22:063][  0]LogUObjectGlobals: Destroyed PersistentFrame Addr=0x0000014a9e310758, Size=52
[2018.06.14-22.38.22:064][  0]LogUObjectGlobals: Created PersistentFrame Addr=0x0000014a9e310758, Size=52, Default__WB_SingleUnit_C Function /Engine/Transient.REINST_WB_SingleUnit_C_7:ExecuteUbergraph_WB_SingleUnit
[2018.06.14-22.38.22:065][  0]LogUObjectGlobals: Created PersistentFrame Addr=0x0000014a9e310a68, Size=52, Default__WB_SingleUnit_C Function /Game/MainContent/UI/CombatHud/WB_SingleUnit.WB_SingleUnit_C:ExecuteUbergraph_WB_SingleUnit
[2018.06.14-22.38.22:067][  0]LogUObjectGlobals: Created PersistentFrame Addr=0x0000014a9dcf20a0, Size=32, Default__WB_SelectedUnitsGrid_C Function /Game/MainContent/UI/CombatHud/WB_SelectedUnitsGrid.WB_SelectedUnitsGrid_C:ExecuteUbergraph_WB_SelectedUnitsGrid
[2018.06.14-22.38.22:071][  0]LogUObjectGlobals: Destroyed PersistentFrame Addr=0x0000014a9dcf20a0, Size=32
[2018.06.14-22.38.22:071][  0]LogUObjectGlobals: Created PersistentFrame Addr=0x0000014a9dcf20a0, Size=32, Default__WB_SelectedUnitsGrid_C Function /Engine/Transient.REINST_WB_SelectedUnitsGrid_C_8:ExecuteUbergraph_WB_SelectedUnitsGrid
[2018.06.14-22.38.22:074][  0]LogBlueprint: Error: [Compiler WB_SelectedUnitsGrid] Cannot pass a read-only variable to a reference parameter  Units
[2018.06.14-22.38.22:075][  0]LogUObjectGlobals: Created PersistentFrame Addr=0x0000014ab86a3880, Size=32, Default__WB_SelectedUnitsGrid_C Function /Game/MainContent/UI/CombatHud/WB_SelectedUnitsGrid.WB_SelectedUnitsGrid_C:ExecuteUbergraph_WB_SelectedUnitsGrid
[2018.06.14-22.38.22:075][  0]LogBlueprint: Warning: [Compiler WB_SelectedUnitsGrid] [0008,51] Compile of WB_SelectedUnitsGrid failed. 1 Fatal Issue(s) 0 Warning(s) [in 5 ms] (/Game/MainContent/UI/CombatHud/WB_SelectedUnitsGrid.WB_SelectedUnitsGrid)
[2018.06.14-22.38.22:081][  0]LogUObjectGlobals: Created PersistentFrame Addr=0x0000014a9e388e20, Size=104, Default__BP_MyHUD_C Function /Game/MainContent/HUDs/BP_MyHUD.BP_MyHUD_C:ExecuteUbergraph_BP_MyHUD
[2018.06.14-22.38.22:085][  0]LogUObjectGlobals: Destroyed PersistentFrame Addr=0x0000014a9e388e20, Size=104
[2018.06.14-22.38.22:085][  0]LogUObjectGlobals: Created PersistentFrame Addr=0x0000014a9e388e20, Size=104, Default__BP_MyHUD_C Function /Engine/Transient.REINST_BP_MyHUD_C_35:ExecuteUbergraph_BP_MyHUD
[2018.06.14-22.38.22:089][  0]LogUObjectGlobals: Created PersistentFrame Addr=0x0000014ab83f3190, Size=104, Default__BP_MyHUD_C Function /Game/MainContent/HUDs/BP_MyHUD.BP_MyHUD_C:ExecuteUbergraph_BP_MyHUD
[2018.06.14-22.38.22:114][  0]LogUObjectGlobals: Created PersistentFrame Addr=0x0000014aa2cedd00, Size=1152, Default__RTS_test_map_C Function /Game/MainContent/Maps/RTS_test_map.RTS_test_map_C:ExecuteUbergraph_RTS_test_map
[2018.06.14-22.38.22:119][  0]LogUObjectGlobals: Destroyed PersistentFrame Addr=0x0000014aa2cedd00, Size=1152
[2018.06.14-22.38.22:119][  0]LogUObjectGlobals: Created PersistentFrame Addr=0x0000014ab839b900, Size=1152, Default__RTS_test_map_C Function /Engine/Transient.REINST_RTS_test_map_C_39:ExecuteUbergraph_RTS_test_map
[2018.06.14-22.38.22:128][  0]LogUObjectGlobals: Created PersistentFrame Addr=0x0000014a9e48cf00, Size=1152, Default__RTS_test_map_C Function /Game/MainContent/Maps/RTS_test_map.RTS_test_map_C:ExecuteUbergraph_RTS_test_map
[2018.06.14-22.38.22:279][  0]LogSkeletalMesh: Skeletal Mesh found in DDC [0.797988ms] /Game/MainContent/Blueprints/Items/Weapons/Shields/FantasyShield/FantasyShield.FantasyShield
[2018.06.14-22.38.22:287][  0]LogSkeletalMesh: Skeletal Mesh found in DDC [0.251367ms] /Game/InfinityBladeWeapons/Weapons/Blade/Swords/Blade_BlackKnight/SK_Blade_BlackKnight.SK_Blade_BlackKnight
[2018.06.14-22.38.22:419][  0]LogSkeletalMesh: Skeletal Mesh found in DDC [4.166700ms] /Game/AnimStarterPack/UE4_Mannequin/Mesh/SK_Mannequin.SK_Mannequin
[2018.06.14-22.38.22:581][  0]LogAIModule: Creating AISystem for world RTS_test_map
[2018.06.14-22.38.22:614][  0]LogEditorServer: Finished looking for orphan Actors (0.000 secs)
[2018.06.14-22.38.22:632][  0]LogUObjectGlobals: Destroyed PersistentFrame Addr=0x0000014a9df2f400, Size=736
[2018.06.14-22.38.22:633][  0]LogUObjectGlobals: Destroyed PersistentFrame Addr=0x0000014a9ded35b8, Size=4
[2018.06.14-22.38.22:633][  0]LogUObjectGlobals: Destroyed PersistentFrame Addr=0x0000014a9dba3150, Size=80
[2018.06.14-22.38.22:633][  0]LogUObjectGlobals: Destroyed PersistentFrame Addr=0x0000014a9df410c0, Size=3280
[2018.06.14-22.38.22:633][  0]LogUObjectGlobals: Destroyed PersistentFrame Addr=0x0000014a9e490a40, Size=160
[2018.06.14-22.38.22:633][  0]LogUObjectGlobals: Destroyed PersistentFrame Addr=0x0000014a9d3c4420, Size=32
[2018.06.14-22.38.22:633][  0]LogUObjectGlobals: Destroyed PersistentFrame Addr=0x0000014a9e085a08, Size=40
[2018.06.14-22.38.22:633][  0]LogUObjectGlobals: Destroyed PersistentFrame Addr=0x0000014a9e2f55a0, Size=96
[2018.06.14-22.38.22:633][  0]LogUObjectGlobals: Destroyed PersistentFrame Addr=0x0000014a9e310758, Size=52
[2018.06.14-22.38.22:633][  0]LogUObjectGlobals: Destroyed PersistentFrame Addr=0x0000014a9dcf20a0, Size=32
[2018.06.14-22.38.22:634][  0]LogUObjectGlobals: Destroyed PersistentFrame Addr=0x0000014a9e388e20, Size=104
[2018.06.14-22.38.22:634][  0]LogUObjectGlobals: Destroyed PersistentFrame Addr=0x0000014ab839b900, Size=1152
[2018.06.14-22.38.22:635][  0]Cmd: MAP CHECKDEP NOCLEARLOG
[2018.06.14-22.38.22:668][  0]MapCheck: Map check complete: 0 Error(s), 0 Warning(s), took 33,058ms to complete.
[2018.06.14-22.38.22:669][  0]LogFileHelpers: Loading map 'RTS_test_map' took 0.959
[2018.06.14-22.38.22:793][  0]LogCollectionManager: Loaded 0 collections in 0.000948 seconds
[2018.06.14-22.38.22:836][  0]LogFileCache: Scanning file cache for directory 'C:/Users/Janusz Lorens/Documents/Unreal Projects/RTS/Saved/Collections/' took 0.01s
[2018.06.14-22.38.22:836][  0]LogFileCache: Scanning file cache for directory 'C:/Users/Janusz Lorens/Documents/Unreal Projects/RTS/Content/Developers/JanuszLorens/Collections/' took 0.01s
[2018.06.14-22.38.22:836][  0]LogFileCache: Scanning file cache for directory 'C:/Users/Janusz Lorens/Documents/Unreal Projects/RTS/Content/Collections/' took 0.01s
[2018.06.14-22.38.22:836][  0]LogCollectionManager: Rebuilt the GUID cache for 0 collections in 0.000000 seconds
[2018.06.14-22.38.22:843][  0]LogContentBrowser: Native class hierarchy populated in 0.0072 seconds. Added 2468 classes and 561 folders.
[2018.06.14-22.38.22:848][  0]LogContentBrowser: Native class hierarchy updated for 'WidgetCarousel' in 0.0005 seconds. Added 0 classes and 0 folders.
[2018.06.14-22.38.22:872][  0]LogContentBrowser: Native class hierarchy updated for 'AddContentDialog' in 0.0006 seconds. Added 0 classes and 0 folders.
[2018.06.14-22.38.22:883][  0]LogContentBrowser: Native class hierarchy updated for 'SceneOutliner' in 0.0006 seconds. Added 1 classes and 2 folders.
[2018.06.14-22.38.23:769][  0]LogSlate: Only BGRA pngs, bmps or icos are supported in by External Image Picker
[2018.06.14-22.38.23:790][  0]LogSlate: Took 0.000165 seconds to synchronously load lazily loaded font '../../../Engine/Content/Slate/Fonts/Roboto-Regular.ttf' (155K)
[2018.06.14-22.38.23:793][  0]LogSlate: Took 0.000186 seconds to synchronously load lazily loaded font '../../../Engine/Content/Slate/Fonts/Roboto-Bold.ttf' (160K)
[2018.06.14-22.38.23:798][  0]LogTemp: Executing iPhonePackager certificates Engine -bundlename com.YourCompany.SalwaRTS
[2018.06.14-22.38.23:798][  0]LogTemp: CWD: D:\UE_4.19\Engine\Binaries\DotNET\IOS
[2018.06.14-22.38.23:798][  0]LogTemp: Initial Dir: D:\UE_4.19
[2018.06.14-22.38.23:798][  0]LogTemp: Env CWD: D:\UE_4.19\Engine\Binaries\DotNET\IOS
[2018.06.14-22.38.23:798][  0]LogTemp: BranchPath = DESKTOP-FOLCDC5/D/UE_4.19/Engine/Binaries --- GameBranchPath = DESKTOP-FOLCDC5/D/UE_4.19/Engine/Binaries
[2018.06.14-22.38.23:798][  0]LogSlate: Took 0.000187 seconds to synchronously load lazily loaded font '../../../Engine/Content/Editor/Slate/Fonts/FontAwesome.ttf' (139K)
[2018.06.14-22.38.23:871][  0]LogTemp: IPP ERROR: Could not find provision directory 'C:\Users\Janusz Lorens\AppData\Local/Apple Computer/MobileDevice/Provisioning Profiles/'.
[2018.06.14-22.38.23:871][  0]LogRenderer: Reallocating scene render targets to support 1208x576 Format 10 NumSamples 1 (Frame:1).
[2018.06.14-22.38.23:979][  0]LogContentBrowser: Native class hierarchy updated for 'HierarchicalLODOutliner' in 0.0006 seconds. Added 0 classes and 0 folders.
[2018.06.14-22.38.23:980][  0]LogLoad: (Engine Initialization) Total time: 10.41 seconds
[2018.06.14-22.38.23:980][  0]LogLoad: (Engine Initialization) Total Blueprint compile time: 0.00 seconds
[2018.06.14-22.38.24:343][  0]LogContentStreaming: Texture pool size now 1000 MB
[2018.06.14-22.38.24:370][  0]LogSlate: Took 0.000137 seconds to synchronously load lazily loaded font '../../../Engine/Content/Slate/Fonts/Roboto-Light.ttf' (167K)
[2018.06.14-22.38.24:661][  1]LogAssetRegistry: Asset discovery search completed in 7.1253 seconds
[2018.06.14-22.38.24:664][  1]LogCollectionManager: Rebuilt the object cache for 0 collections in 0.000000 seconds (found 0 objects)
[2018.06.14-22.38.24:664][  1]LogCollectionManager: Fixed up redirectors for 0 collections in 0.000175 seconds (updated 0 objects)
[2018.06.14-22.38.28:744][331]LogSlate: FSceneViewport::OnFocusLost() reason 0
[2018.06.14-22.38.28:827][341]LogTemp: Repeating last play command: New Editor Window (PIE)
[2018.06.14-22.38.28:841][341]LogBlueprintUserMessages: Early PlayInEditor Detection: Level '/Game/MainContent/Maps/RTS_test_map.RTS_test_map:PersistentLevel' has LevelScriptBlueprint '/Game/MainContent/Maps/RTS_test_map.RTS_test_map:PersistentLevel.RTS_test_map' with GeneratedClass '/Game/MainContent/Maps/RTS_test_map.RTS_test_map_C' with ClassGeneratedBy '/Game/MainContent/Maps/RTS_test_map.RTS_test_map:PersistentLevel.RTS_test_map'
[2018.06.14-22.38.28:841][341]LogPlayLevel: PlayLevel: No blueprints needed recompiling
[2018.06.14-22.38.29:939][341]LogSlate: Window 'Message' being destroyed
[2018.06.14-22.38.30:768][438]LogSlate: Took 0.000118 seconds to synchronously load lazily loaded font '../../../Engine/Content/Slate/Fonts/Roboto-Light.ttf' (167K)
[2018.06.14-22.38.33:255][727]LogSlate: Prevented a slow task dialog from being summoned while a context menu was open
[2018.06.14-22.38.33:464][727]LogContentBrowser: Native class hierarchy updated for 'BlueprintGraph' in 0.0008 seconds. Added 116 classes and 0 folders.
[2018.06.14-22.38.33:672][727]LogUObjectGlobals: Created PersistentFrame Addr=0x0000014b16d4c400, Size=4, Default__SKEL_PROTO_BP_AnimBlueprint_0_C Function /Engine/Transient.SKEL_PROTO_BP_AnimBlueprint_0_C:ExecuteUbergraph_PROTO_BP_AnimBlueprint_0
[2018.06.14-22.38.33:672][727]LogUObjectGlobals: Created PersistentFrame Addr=0x0000014b16d4c3f8, Size=4, Default__PROTO_BP_AnimBlueprint_0_C Function /Engine/Transient.PROTO_BP_AnimBlueprint_0_C:ExecuteUbergraph_PROTO_BP_AnimBlueprint_0
[2018.06.14-22.38.34:250][727]LogSlate: Took 0.000124 seconds to synchronously load lazily loaded font '../../../Engine/Content/Slate/Fonts/Roboto-BoldCondensed.ttf' (158K)
[2018.06.14-22.38.38:393][184]LogSlate: Prevented a slow task dialog from being summoned while a context menu was open
[2018.06.14-22.38.41:935][574]LogSlate: Window 'WB_SingleUnitGroup' being destroyed
[2018.06.14-22.38.43:418][741]LogSlate: Took 0.000167 seconds to synchronously load lazily loaded font '../../../Engine/Content/Slate/Fonts/Roboto-Italic.ttf' (157K)
