Log file open, 06/14/18 00:31:12
LogWindows: Failed to load 'aqProf.dll' (GetLastError=126)
LogWindows: File 'aqProf.dll' does not exist
LogWindows: Failed to load 'VtuneApi.dll' (GetLastError=126)
LogWindows: File 'VtuneApi.dll' does not exist
LogWindows: Failed to load 'VtuneApi32e.dll' (GetLastError=126)
LogWindows: File 'VtuneApi32e.dll' does not exist
LogInit: Display: Running engine for game: SalwaRTS
LogPlatformFile: Not using cached read wrapper
LogInit: Display: RandInit(-404276790) SRandInit(-404276790).
LogInit: Read version file with build ID '3944462'
LogInit: Overriding engine version to CL 4033788, compatible CL 3944462
LogInit: Registered custom module enumerator with build ID '3944462'
LogTaskGraph: Started task graph with 5 named threads and 23 total threads with 3 sets of task threads.
LogStats: Stats thread started at 4.553158
LogD3D11RHI: Aftermath initialized
LogICUInternationalization: Display: ICU TimeZone Detection - Raw Offset: +1:00, Platform Override: ''
LogPluginManager: Mounting plugin Paper2D
LogPluginManager: Mounting plugin LiveLink
LogPluginManager: Mounting plugin LightPropagationVolume
LogPluginManager: Mounting plugin CLionSourceCodeAccess
LogPluginManager: Mounting plugin CodeLiteSourceCodeAccess
LogPluginManager: Mounting plugin GitSourceControl
LogPluginManager: Mounting plugin KDevelopSourceCodeAccess
LogPluginManager: Mounting plugin NullSourceCodeAccess
LogPluginManager: Mounting plugin PerforceSourceControl
LogPluginManager: Mounting plugin SubversionSourceControl
LogPluginManager: Mounting plugin UObjectPlugin
LogPluginManager: Mounting plugin VisualStudioCodeSourceCodeAccess
LogPluginManager: Mounting plugin VisualStudioSourceCodeAccess
LogPluginManager: Mounting plugin XCodeSourceCodeAccess
LogPluginManager: Mounting plugin AssetManagerEditor
LogPluginManager: Mounting plugin CryptoKeys
LogPluginManager: Mounting plugin DataValidation
LogPluginManager: Mounting plugin FacialAnimation
LogPluginManager: Mounting plugin GameplayTagsEditor
LogPluginManager: Mounting plugin MobileLauncherProfileWizard
LogPluginManager: Mounting plugin PluginBrowser
LogPluginManager: Mounting plugin SpeedTreeImporter
LogPluginManager: Mounting plugin DatasmithContent
LogPluginManager: Mounting plugin AlembicImporter
LogPluginManager: Mounting plugin CharacterAI
LogPluginManager: Mounting plugin HTML5Networking
LogPluginManager: Mounting plugin AndroidMedia
LogPluginManager: Mounting plugin AvfMedia
LogPluginManager: Mounting plugin ImgMedia
LogPluginManager: Mounting plugin LinearTimecode
LogPluginManager: Mounting plugin MediaCompositing
LogPluginManager: Mounting plugin MediaPlayerEditor
LogPluginManager: Mounting plugin WmfMedia
LogPluginManager: Mounting plugin TcpMessaging
LogPluginManager: Mounting plugin UdpMessaging
LogPluginManager: Mounting plugin ActorSequence
LogPluginManager: Mounting plugin LevelSequenceEditor
LogPluginManager: Mounting plugin MatineeToLevelSequence
LogPluginManager: Mounting plugin NetcodeUnitTest
LogPluginManager: Mounting plugin NUTUnrealEngine4
LogPluginManager: Mounting plugin OnlineSubsystemGooglePlay
LogPluginManager: Mounting plugin OnlineSubsystemIOS
LogPluginManager: Mounting plugin OnlineSubsystem
LogPluginManager: Mounting plugin OnlineSubsystemNull
LogPluginManager: Mounting plugin OnlineSubsystemUtils
LogPluginManager: Mounting plugin AndroidDeviceProfileSelector
LogPluginManager: Mounting plugin AndroidMoviePlayer
LogPluginManager: Mounting plugin AndroidPermission
LogPluginManager: Mounting plugin AppleARKit
LogPluginManager: Mounting plugin AppleMoviePlayer
LogPluginManager: Mounting plugin ArchVisCharacter
LogPluginManager: Mounting plugin AudioCapture
LogPluginManager: Mounting plugin CableComponent
LogPluginManager: Mounting plugin CustomMeshComponent
LogPluginManager: Mounting plugin ExampleDeviceProfileSelector
LogPluginManager: Mounting plugin GoogleCloudMessaging
LogPluginManager: Mounting plugin ImmediatePhysics
LogPluginManager: Mounting plugin IOSDeviceProfileSelector
LogPluginManager: Mounting plugin LinuxDeviceProfileSelector
LogPluginManager: Mounting plugin LocationServicesBPLibrary
LogPluginManager: Mounting plugin MobilePatchingUtils
LogPluginManager: Mounting plugin OculusVR
LogPluginManager: Plugin shader directory ../../../Engine/Plugins/Runtime/Oculus/OculusVR/Shaders found
LogPluginManager: Mapping shader source directory ../../../Engine/Plugins/Runtime/Oculus/OculusVR/Shaders to virtual directory /Plugin/OculusVR
LogPluginManager: Mounting plugin PhysXVehicles
LogPluginManager: Mounting plugin ProceduralMeshComponent
LogPluginManager: Mounting plugin RuntimePhysXCooking
LogPluginManager: Mounting plugin SteamVR
LogPluginManager: Mounting plugin WindowsMoviePlayer
LogStreaming: Display: Took  0.073s to configure plugins.
LogModuleManager: Display: Found up-to-date module file C:/Users/Janusz Lorens/Documents/Unreal Projects/RTS/Binaries/Win64/UE4Editor-SalwaRTS.dll (API version 3944462).
LogModuleManager: Display: Found up-to-date module file ../../../Engine/Plugins/2D/Paper2D/Binaries/Win64/UE4Editor-Paper2D.dll (API version 3944462).
LogModuleManager: Display: Found up-to-date module file ../../../Engine/Plugins/2D/Paper2D/Binaries/Win64/UE4Editor-Paper2DEditor.dll (API version 3944462).
LogModuleManager: Display: Found up-to-date module file ../../../Engine/Plugins/2D/Paper2D/Binaries/Win64/UE4Editor-PaperSpriteSheetImporter.dll (API version 3944462).
LogModuleManager: Display: Found up-to-date module file ../../../Engine/Plugins/2D/Paper2D/Binaries/Win64/UE4Editor-PaperTiledImporter.dll (API version 3944462).
LogModuleManager: Display: Found up-to-date module file ../../../Engine/Plugins/2D/Paper2D/Binaries/Win64/UE4Editor-SmartSnapping.dll (API version 3944462).
LogModuleManager: Display: Found up-to-date module file ../../../Engine/Plugins/Animation/LiveLink/Binaries/Win64/UE4Editor-LiveLink.dll (API version 3944462).
LogModuleManager: Display: Found up-to-date module file ../../../Engine/Plugins/Animation/LiveLink/Binaries/Win64/UE4Editor-LiveLinkEditor.dll (API version 3944462).
LogModuleManager: Display: Found up-to-date module file ../../../Engine/Plugins/Blendables/LightPropagationVolume/Binaries/Win64/UE4Editor-LightPropagationVolumeRuntime.dll (API version 3944462).
LogModuleManager: Display: Found up-to-date module file ../../../Engine/Plugins/Blendables/LightPropagationVolume/Binaries/Win64/UE4Editor-LightPropagationVolumeEditor.dll (API version 3944462).
LogModuleManager: Display: Found up-to-date module file ../../../Engine/Plugins/Developer/CLionSourceCodeAccess/Binaries/Win64/UE4Editor-CLionSourceCodeAccess.dll (API version 3944462).
LogModuleManager: Display: Found up-to-date module file ../../../Engine/Plugins/Developer/GitSourceControl/Binaries/Win64/UE4Editor-GitSourceControl.dll (API version 3944462).
LogModuleManager: Display: Found up-to-date module file ../../../Engine/Plugins/Developer/PerforceSourceControl/Binaries/Win64/UE4Editor-PerforceSourceControl.dll (API version 3944462).
LogModuleManager: Display: Found up-to-date module file ../../../Engine/Plugins/Developer/SubversionSourceControl/Binaries/Win64/UE4Editor-SubversionSourceControl.dll (API version 3944462).
LogModuleManager: Display: Found up-to-date module file ../../../Engine/Plugins/Developer/UObjectPlugin/Binaries/Win64/UE4Editor-UObjectPlugin.dll (API version 3944462).
LogModuleManager: Display: Found up-to-date module file ../../../Engine/Plugins/Developer/VisualStudioCodeSourceCodeAccess/Binaries/Win64/UE4Editor-VisualStudioCodeSourceCodeAccess.dll (API version 3944462).
LogModuleManager: Display: Found up-to-date module file ../../../Engine/Plugins/Developer/VisualStudioSourceCodeAccess/Binaries/Win64/UE4Editor-VisualStudioSourceCodeAccess.dll (API version 3944462).
LogModuleManager: Display: Found up-to-date module file ../../../Engine/Plugins/Editor/AssetManagerEditor/Binaries/Win64/UE4Editor-AssetManagerEditor.dll (API version 3944462).
LogModuleManager: Display: Found up-to-date module file ../../../Engine/Plugins/Editor/CryptoKeys/Binaries/Win64/UE4Editor-CryptoKeys.dll (API version 3944462).
LogModuleManager: Display: Found up-to-date module file ../../../Engine/Plugins/Editor/CryptoKeys/Binaries/Win64/UE4Editor-CryptoKeysOpenSSL.dll (API version 3944462).
LogModuleManager: Display: Found up-to-date module file ../../../Engine/Plugins/Editor/DataValidation/Binaries/Win64/UE4Editor-DataValidation.dll (API version 3944462).
LogModuleManager: Display: Found up-to-date module file ../../../Engine/Plugins/Editor/FacialAnimation/Binaries/Win64/UE4Editor-FacialAnimation.dll (API version 3944462).
LogModuleManager: Display: Found up-to-date module file ../../../Engine/Plugins/Editor/FacialAnimation/Binaries/Win64/UE4Editor-FacialAnimationEditor.dll (API version 3944462).
LogModuleManager: Display: Found up-to-date module file ../../../Engine/Plugins/Editor/GameplayTagsEditor/Binaries/Win64/UE4Editor-GameplayTagsEditor.dll (API version 3944462).
LogModuleManager: Display: Found up-to-date module file ../../../Engine/Plugins/Editor/MobileLauncherProfileWizard/Binaries/Win64/UE4Editor-MobileLauncherProfileWizard.dll (API version 3944462).
LogModuleManager: Display: Found up-to-date module file ../../../Engine/Plugins/Editor/PluginBrowser/Binaries/Win64/UE4Editor-PluginBrowser.dll (API version 3944462).
LogModuleManager: Display: Found up-to-date module file ../../../Engine/Plugins/Editor/SpeedTreeImporter/Binaries/Win64/UE4Editor-SpeedTreeImporter.dll (API version 3944462).
LogModuleManager: Display: Found up-to-date module file ../../../Engine/Plugins/Enterprise/DatasmithContent/Binaries/Win64/UE4Editor-DatasmithContent.dll (API version 3944462).
LogModuleManager: Display: Found up-to-date module file ../../../Engine/Plugins/Experimental/AlembicImporter/Binaries/Win64/UE4Editor-AlembicImporter.dll (API version 3944462).
LogModuleManager: Display: Found up-to-date module file ../../../Engine/Plugins/Experimental/AlembicImporter/Binaries/Win64/UE4Editor-AlembicLibrary.dll (API version 3944462).
LogModuleManager: Display: Found up-to-date module file ../../../Engine/Plugins/Experimental/CharacterAI/Binaries/Win64/UE4Editor-CharacterAI.dll (API version 3944462).
LogModuleManager: Display: Found up-to-date module file ../../../Engine/Plugins/Experimental/HTML5Networking/Binaries/Win64/UE4Editor-HTML5Networking.dll (API version 3944462).
LogModuleManager: Display: Found up-to-date module file ../../../Engine/Plugins/Media/AndroidMedia/Binaries/Win64/UE4Editor-AndroidMediaEditor.dll (API version 3944462).
LogModuleManager: Display: Found up-to-date module file ../../../Engine/Plugins/Media/AndroidMedia/Binaries/Win64/UE4Editor-AndroidMediaFactory.dll (API version 3944462).
LogModuleManager: Display: Found up-to-date module file ../../../Engine/Plugins/Media/AvfMedia/Binaries/Win64/UE4Editor-AvfMediaEditor.dll (API version 3944462).
LogModuleManager: Display: Found up-to-date module file ../../../Engine/Plugins/Media/AvfMedia/Binaries/Win64/UE4Editor-AvfMediaFactory.dll (API version 3944462).
LogModuleManager: Display: Found up-to-date module file ../../../Engine/Plugins/Media/AvfMedia/Binaries/Win64/UE4Editor-AvfMediaFactory.dll (API version 3944462).
LogModuleManager: Display: Found up-to-date module file ../../../Engine/Plugins/Media/ImgMedia/Binaries/Win64/UE4Editor-ImgMedia.dll (API version 3944462).
LogModuleManager: Display: Found up-to-date module file ../../../Engine/Plugins/Media/ImgMedia/Binaries/Win64/UE4Editor-ImgMediaEditor.dll (API version 3944462).
LogModuleManager: Display: Found up-to-date module file ../../../Engine/Plugins/Media/ImgMedia/Binaries/Win64/UE4Editor-ImgMediaFactory.dll (API version 3944462).
LogModuleManager: Display: Found up-to-date module file ../../../Engine/Plugins/Media/ImgMedia/Binaries/Win64/UE4Editor-ImgMediaFactory.dll (API version 3944462).
LogModuleManager: Display: Found up-to-date module file ../../../Engine/Plugins/Media/ImgMedia/Binaries/Win64/UE4Editor-OpenExrWrapper.dll (API version 3944462).
LogModuleManager: Display: Found up-to-date module file ../../../Engine/Plugins/Media/LinearTimecode/Binaries/Win64/UE4Editor-LinearTimecode.dll (API version 3944462).
LogModuleManager: Display: Found up-to-date module file ../../../Engine/Plugins/Media/MediaCompositing/Binaries/Win64/UE4Editor-MediaCompositing.dll (API version 3944462).
LogModuleManager: Display: Found up-to-date module file ../../../Engine/Plugins/Media/MediaCompositing/Binaries/Win64/UE4Editor-MediaCompositingEditor.dll (API version 3944462).
LogModuleManager: Display: Found up-to-date module file ../../../Engine/Plugins/Media/MediaPlayerEditor/Binaries/Win64/UE4Editor-MediaPlayerEditor.dll (API version 3944462).
LogModuleManager: Display: Found up-to-date module file ../../../Engine/Plugins/Media/WmfMedia/Binaries/Win64/UE4Editor-WmfMedia.dll (API version 3944462).
LogModuleManager: Display: Found up-to-date module file ../../../Engine/Plugins/Media/WmfMedia/Binaries/Win64/UE4Editor-WmfMediaEditor.dll (API version 3944462).
LogModuleManager: Display: Found up-to-date module file ../../../Engine/Plugins/Media/WmfMedia/Binaries/Win64/UE4Editor-WmfMediaFactory.dll (API version 3944462).
LogModuleManager: Display: Found up-to-date module file ../../../Engine/Plugins/Media/WmfMedia/Binaries/Win64/UE4Editor-WmfMediaFactory.dll (API version 3944462).
LogModuleManager: Display: Found up-to-date module file ../../../Engine/Plugins/Messaging/TcpMessaging/Binaries/Win64/UE4Editor-TcpMessaging.dll (API version 3944462).
LogModuleManager: Display: Found up-to-date module file ../../../Engine/Plugins/Messaging/UdpMessaging/Binaries/Win64/UE4Editor-UdpMessaging.dll (API version 3944462).
LogModuleManager: Display: Found up-to-date module file ../../../Engine/Plugins/MovieScene/ActorSequence/Binaries/Win64/UE4Editor-ActorSequence.dll (API version 3944462).
LogModuleManager: Display: Found up-to-date module file ../../../Engine/Plugins/MovieScene/LevelSequenceEditor/Binaries/Win64/UE4Editor-LevelSequenceEditor.dll (API version 3944462).
LogModuleManager: Display: Found up-to-date module file ../../../Engine/Plugins/MovieScene/MatineeToLevelSequence/Binaries/Win64/UE4Editor-MatineeToLevelSequence.dll (API version 3944462).
LogModuleManager: Display: Found up-to-date module file ../../../Engine/Plugins/NetcodeUnitTest/NetcodeUnitTest/Binaries/Win64/UE4Editor-NetcodeUnitTest.dll (API version 3944462).
LogModuleManager: Display: Found up-to-date module file ../../../Engine/Plugins/NetcodeUnitTest/NUTUnrealEngine4/Binaries/Win64/UE4Editor-NUTUnrealEngine4.dll (API version 3944462).
LogModuleManager: Display: Found up-to-date module file ../../../Engine/Plugins/Online/OnlineSubsystem/Binaries/Win64/UE4Editor-OnlineSubsystem.dll (API version 3944462).
LogModuleManager: Display: Found up-to-date module file ../../../Engine/Plugins/Online/OnlineSubsystemNull/Binaries/Win64/UE4Editor-OnlineSubsystemNull.dll (API version 3944462).
LogModuleManager: Display: Found up-to-date module file ../../../Engine/Plugins/Online/OnlineSubsystemUtils/Binaries/Win64/UE4Editor-OnlineSubsystemUtils.dll (API version 3944462).
LogModuleManager: Display: Found up-to-date module file ../../../Engine/Plugins/Online/OnlineSubsystemUtils/Binaries/Win64/UE4Editor-OnlineBlueprintSupport.dll (API version 3944462).
LogModuleManager: Display: Found up-to-date module file ../../../Engine/Plugins/Runtime/AndroidDeviceProfileSelector/Binaries/Win64/UE4Editor-AndroidDeviceProfileSelector.dll (API version 3944462).
LogModuleManager: Display: Found up-to-date module file ../../../Engine/Plugins/Runtime/AndroidPermission/Binaries/Win64/UE4Editor-AndroidPermission.dll (API version 3944462).
LogModuleManager: Display: Found up-to-date module file ../../../Engine/Plugins/Runtime/AppleARKit/Binaries/Win64/UE4Editor-AppleARKit.dll (API version 3944462).
LogModuleManager: Display: Found up-to-date module file ../../../Engine/Plugins/Runtime/ArchVisCharacter/Binaries/Win64/UE4Editor-ArchVisCharacter.dll (API version 3944462).
LogModuleManager: Display: Found up-to-date module file ../../../Engine/Plugins/Runtime/AudioCapture/Binaries/Win64/UE4Editor-AudioCapture.dll (API version 3944462).
LogModuleManager: Display: Found up-to-date module file ../../../Engine/Plugins/Runtime/AudioCapture/Binaries/Win64/UE4Editor-AudioCaptureEditor.dll (API version 3944462).
LogModuleManager: Display: Found up-to-date module file ../../../Engine/Plugins/Runtime/CableComponent/Binaries/Win64/UE4Editor-CableComponent.dll (API version 3944462).
LogModuleManager: Display: Found up-to-date module file ../../../Engine/Plugins/Runtime/CustomMeshComponent/Binaries/Win64/UE4Editor-CustomMeshComponent.dll (API version 3944462).
LogModuleManager: Display: Found up-to-date module file ../../../Engine/Plugins/Runtime/ExampleDeviceProfileSelector/Binaries/Win64/UE4Editor-ExampleDeviceProfileSelector.dll (API version 3944462).
LogModuleManager: Display: Found up-to-date module file ../../../Engine/Plugins/Runtime/ImmediatePhysics/Binaries/Win64/UE4Editor-ImmediatePhysics.dll (API version 3944462).
LogModuleManager: Display: Found up-to-date module file ../../../Engine/Plugins/Runtime/ImmediatePhysics/Binaries/Win64/UE4Editor-ImmediatePhysicsEditor.dll (API version 3944462).
LogModuleManager: Display: Found up-to-date module file ../../../Engine/Plugins/Runtime/LocationServicesBPLibrary/Binaries/Win64/UE4Editor-LocationServicesBPLibrary.dll (API version 3944462).
LogModuleManager: Display: Found up-to-date module file ../../../Engine/Plugins/Runtime/MobilePatchingUtils/Binaries/Win64/UE4Editor-MobilePatchingUtils.dll (API version 3944462).
LogModuleManager: Display: Found up-to-date module file ../../../Engine/Plugins/Runtime/Oculus/OculusVR/Binaries/Win64/UE4Editor-OculusHMD.dll (API version 3944462).
LogModuleManager: Display: Found up-to-date module file ../../../Engine/Plugins/Runtime/Oculus/OculusVR/Binaries/Win64/UE4Editor-OculusInput.dll (API version 3944462).
LogModuleManager: Display: Found up-to-date module file ../../../Engine/Plugins/Runtime/Oculus/OculusVR/Binaries/Win64/UE4Editor-OculusEditor.dll (API version 3944462).
LogModuleManager: Display: Found up-to-date module file ../../../Engine/Plugins/Runtime/PhysXVehicles/Binaries/Win64/UE4Editor-PhysXVehicles.dll (API version 3944462).
LogModuleManager: Display: Found up-to-date module file ../../../Engine/Plugins/Runtime/PhysXVehicles/Binaries/Win64/UE4Editor-PhysXVehiclesEditor.dll (API version 3944462).
LogModuleManager: Display: Found up-to-date module file ../../../Engine/Plugins/Runtime/ProceduralMeshComponent/Binaries/Win64/UE4Editor-ProceduralMeshComponent.dll (API version 3944462).
LogModuleManager: Display: Found up-to-date module file ../../../Engine/Plugins/Runtime/ProceduralMeshComponent/Binaries/Win64/UE4Editor-ProceduralMeshComponentEditor.dll (API version 3944462).
LogModuleManager: Display: Found up-to-date module file ../../../Engine/Plugins/Runtime/RuntimePhysXCooking/Binaries/Win64/UE4Editor-RuntimePhysXCooking.dll (API version 3944462).
LogModuleManager: Display: Found up-to-date module file ../../../Engine/Plugins/Runtime/Steam/SteamVR/Binaries/Win64/UE4Editor-SteamVR.dll (API version 3944462).
LogModuleManager: Display: Found up-to-date module file ../../../Engine/Plugins/Runtime/Steam/SteamVR/Binaries/Win64/UE4Editor-SteamVRController.dll (API version 3944462).
LogModuleManager: Display: Found up-to-date module file ../../../Engine/Plugins/Runtime/WindowsMoviePlayer/Binaries/Win64/UE4Editor-WindowsMoviePlayer.dll (API version 3944462).
LogInit: Using libcurl 7.47.1
LogInit:  - built for x86_64-pc-win32
LogInit:  - supports SSL with OpenSSL/1.0.2g
LogInit:  - supports HTTP deflate (compression) using libz 1.2.8
LogInit:  - other features:
LogInit:      CURL_VERSION_SSL
LogInit:      CURL_VERSION_LIBZ
LogInit:      CURL_VERSION_IPV6
LogInit:      CURL_VERSION_ASYNCHDNS
LogInit:      CURL_VERSION_LARGEFILE
LogInit:      CURL_VERSION_IDN
LogInit:  CurlRequestOptions (configurable via config and command line):
LogInit:  - bVerifyPeer = false  - Libcurl will NOT verify peer certificate
LogInit:  - bUseHttpProxy = false  - Libcurl will NOT use HTTP proxy
LogInit:  - bDontReuseConnections = false  - Libcurl will reuse connections
LogInit:  - CertBundlePath = nullptr  - Libcurl will use whatever was configured at build time.
LogInit:  - MaxHostConnections = 16  - Libcurl will limit the number of connections to a host
LogInit:  - LocalHostAddr = Default
LogInit: WinSock: version 1.1 (2.2), MaxSocks=32767, MaxUdp=65467
LogInit: WinSock: I am DESKTOP-FOLCDC5 (192.168.1.10:0)
LogInit: Build: ++UE4+Release-4.19-CL-4033788
LogInit: Engine Version: 4.19.2-4033788+++UE4+Release-4.19
LogInit: Compatible Engine Version: 4.19.0-3944462+++UE4+Release-4.19
LogInit: Net CL: 3944462
LogDevObjectVersion: Number of dev versions registered: 18
LogDevObjectVersion:   Dev-Blueprints (B0D832E4-1F89-4F0D-ACCF-7EB736FD4AA2): 10
LogDevObjectVersion:   Dev-Build (E1C64328-A22C-4D53-A36C-8E866417BD8C): 0
LogDevObjectVersion:   Dev-Core (375EC13C-06E4-48FB-B500-84F0262A717E): 2
LogDevObjectVersion:   Dev-Editor (E4B068ED-F494-42E9-A231-DA0B2E46BB41): 23
LogDevObjectVersion:   Dev-Framework (CFFC743F-43B0-4480-9391-14DF171D2073): 33
LogDevObjectVersion:   Dev-Mobile (B02B49B5-BB20-44E9-A304-32B752E40360): 2
LogDevObjectVersion:   Dev-Networking (A4E4105C-59A1-49B5-A7C5-40C4547EDFEE): 0
LogDevObjectVersion:   Dev-Online (39C831C9-5AE6-47DC-9A44-9C173E1C8E7C): 0
LogDevObjectVersion:   Dev-Physics (78F01B33-EBEA-4F98-B9B4-84EACCB95AA2): 0
LogDevObjectVersion:   Dev-Platform (6631380F-2D4D-43E0-8009-CF276956A95A): 0
LogDevObjectVersion:   Dev-Rendering (12F88B9F-8875-4AFC-A67C-D90C383ABD29): 25
LogDevObjectVersion:   Dev-Sequencer (7B5AE74C-D270-4C10-A958-57980B212A5A): 6
LogDevObjectVersion:   Dev-VR (D7296918-1DD6-4BDD-9DE2-64A83CC13884): 1
LogDevObjectVersion:   Dev-LoadTimes (C2A15278-BFE7-4AFE-6C17-90FF531DF755): 1
LogDevObjectVersion:   Private-Geometry (6EACA3D4-40EC-4CC1-B786-8BED09428FC5): 2
LogDevObjectVersion:   Dev-AnimPhys (29E575DD-E0A3-4627-9D10-D276232CDCEA): 16
LogDevObjectVersion:   Dev-ReflectionCapture (6B266CEC-1EC7-4B8F-A30B-E4D90942FC07): 1
LogDevObjectVersion:   Dev-Automation (0DF73D61-A23F-47EA-B727-89E90C41499A): 1
LogInit: Compiled (64-bit): Apr 27 2018 02:06:57
LogInit: Compiled with Visual C++: 19.00.24215.01
LogInit: Build Configuration: Development
LogInit: Branch Name: ++UE4+Release-4.19
LogInit: Command Line:  -skipcompile
LogInit: Base Directory: D:/UE_4.19/Engine/Binaries/Win64/
LogInit: Installed Engine Build: 1
LogStreaming: Display: Took  0.002s to delete old logs.
LogInit: Presizing for max 8388607 objects, including 0 objects not considered by GC, pre-allocating 0 bytes for permanent pool.
LogInit: Object subsystem initialized
[2018.06.13-22.31.18:007][  0]LogInit: Selected Device Profile: [Windows]
[2018.06.13-22.31.18:007][  0]LogInit: Applying CVar settings loaded from the selected device profile: [Windows]
[2018.06.13-22.31.18:099][  0]LogInit: Computer: DESKTOP-FOLCDC5
[2018.06.13-22.31.18:099][  0]LogInit: User: JanuszLorens
[2018.06.13-22.31.18:099][  0]LogInit: CPU Page size=4096, Cores=4
[2018.06.13-22.31.18:099][  0]LogInit: High frequency timer resolution =4.101567 MHz
[2018.06.13-22.31.18:100][  0]LogMemory: Memory total: Physical=16.0GB (16GB approx)
[2018.06.13-22.31.18:100][  0]LogMemory: Platform Memory Stats for Windows
[2018.06.13-22.31.18:100][  0]LogMemory: Process Physical Memory: 276.59 MB used, 276.59 MB peak
[2018.06.13-22.31.18:100][  0]LogMemory: Process Virtual Memory: 267.01 MB used, 267.01 MB peak
[2018.06.13-22.31.18:100][  0]LogMemory: Physical Memory: 6482.77 MB used,  9860.41 MB free, 16343.18 MB total
[2018.06.13-22.31.18:100][  0]LogMemory: Virtual Memory: 4791.43 MB used,  9860.41 MB free, 134217728.00 MB total
[2018.06.13-22.31.19:451][  0]LogInit: Using OS detected language (pl-PL).
[2018.06.13-22.31.19:451][  0]LogInit: Using OS detected locale (pl-PL).
[2018.06.13-22.31.19:685][  0]LogTextLocalizationManager: No localization for 'pl-PL' exists, so 'en' will be used for the language.
[2018.06.13-22.31.20:324][  0]LogStreaming: Display: Took  0.848s to EndInitTextLocalization.
[2018.06.13-22.31.20:354][  0]LogInit: Setting process to per monitor DPI aware
[2018.06.13-22.31.20:930][  0]LogSlate: New Slate User Created.  User Index 0, Is Virtual User: 0
[2018.06.13-22.31.20:931][  0]LogSlate: Slate User Registered.  User Index 0, Is Virtual User: 0
[2018.06.13-22.31.23:644][  0]LogD3D11RHI: D3D11 adapters:
[2018.06.13-22.31.23:707][  0]LogD3D11RHI:    0. 'NVIDIA GeForce GTX 1060 6GB' (Feature Level 11_0)
[2018.06.13-22.31.23:707][  0]LogD3D11RHI:       6061/0/8171 MB DedicatedVideo/DedicatedSystem/SharedSystem, Outputs:1, VendorId:0x10de
[2018.06.13-22.31.23:715][  0]LogD3D11RHI:    1. 'Microsoft Basic Render Driver' (Feature Level 11_0)
[2018.06.13-22.31.23:715][  0]LogD3D11RHI:       0/0/8171 MB DedicatedVideo/DedicatedSystem/SharedSystem, Outputs:0, VendorId:0x1414
[2018.06.13-22.31.23:715][  0]LogD3D11RHI: Chosen D3D11 Adapter: 0
[2018.06.13-22.31.23:720][  0]LogD3D11RHI: Creating new Direct3DDevice
[2018.06.13-22.31.23:720][  0]LogD3D11RHI:     GPU DeviceId: 0x1c03 (for the marketing name, search the web for "GPU Device Id")
[2018.06.13-22.31.23:721][  0]LogWindows: EnumDisplayDevices:
[2018.06.13-22.31.23:721][  0]LogWindows:    0. 'NVIDIA GeForce GTX 1060 6GB' (P:1 D:1)
[2018.06.13-22.31.23:721][  0]LogWindows:    1. 'NVIDIA GeForce GTX 1060 6GB' (P:0 D:0)
[2018.06.13-22.31.23:721][  0]LogWindows:    2. 'NVIDIA GeForce GTX 1060 6GB' (P:0 D:0)
[2018.06.13-22.31.23:721][  0]LogWindows:    3. 'NVIDIA GeForce GTX 1060 6GB' (P:0 D:0)
[2018.06.13-22.31.23:721][  0]LogWindows: DebugString: GetVideoDriverDetailsInvalid PrimaryIsNotTheChoosenAdapter GetVideoDriverDetailsInvalid PrimaryIsNotTheChoosenAdapter GetVideoDriverDetailsInvalid PrimaryIsNotTheChoosenAdapter GetVideoDriverDetailsInvalid PrimaryIsNotTheChoosenAdapter FoundDriverCount:0 
[2018.06.13-22.31.23:721][  0]LogD3D11RHI:     Adapter Name: NVIDIA GeForce GTX 1060 6GB
[2018.06.13-22.31.23:721][  0]LogD3D11RHI:   Driver Version: Unknown (internal:Unknown, unified:Unknown)
[2018.06.13-22.31.23:721][  0]LogD3D11RHI:      Driver Date: Unknown
[2018.06.13-22.31.23:722][  0]LogRHI: Texture pool is 4242 MB (70% of 6061 MB)
[2018.06.13-22.31.23:763][  0]LogD3D11RHI: [Aftermath] Aftermath enabled but failed to initialize
[2018.06.13-22.31.23:763][  0]LogD3D11RHI: [Aftermath] Aftermath enabled and primed
[2018.06.13-22.31.23:763][  0]LogD3D11RHI: Async texture creation enabled
[2018.06.13-22.31.24:017][  0]LogD3D11RHI: GPU Timing Frequency: 1000.000000 (Debug: 2 1)
[2018.06.13-22.31.24:117][  0]LogShaderCompilers: Guid format shader working directory is 2 characters bigger than the processId version (C:/Users/Janusz Lorens/Documents/Unreal Projects/RTS/Intermediate/Shaders/WorkingDirectory/4052/).
[2018.06.13-22.31.24:125][  0]LogShaderCompilers: Cleaned the shader compiler working directory 'C:/Users/Janusz Lorens/AppData/Local/Temp/UnrealShaderWorkingDir/6EBAD8C943E3F4CF83F2D2BE7A46B5FA/'.
[2018.06.13-22.31.25:012][  0]LogTemp: Display: Loaded TP AllDesktopTargetPlatform
[2018.06.13-22.31.25:049][  0]LogTemp: Display: Loaded TP MacClientTargetPlatform
[2018.06.13-22.31.25:126][  0]LogTemp: Display: Loaded TP MacNoEditorTargetPlatform
[2018.06.13-22.31.25:167][  0]LogTemp: Display: Loaded TP MacServerTargetPlatform
[2018.06.13-22.31.25:266][  0]LogTemp: Display: Loaded TP MacTargetPlatform
[2018.06.13-22.31.25:324][  0]LogTemp: Display: Loaded TP WindowsClientTargetPlatform
[2018.06.13-22.31.25:382][  0]LogTemp: Display: Loaded TP WindowsNoEditorTargetPlatform
[2018.06.13-22.31.25:425][  0]LogTemp: Display: Loaded TP WindowsServerTargetPlatform
[2018.06.13-22.31.25:484][  0]LogTemp: Display: Loaded TP WindowsTargetPlatform
[2018.06.13-22.31.25:508][  0]LogTemp: Display: Loaded TP Android_ASTCTargetPlatform
[2018.06.13-22.31.25:530][  0]LogTemp: Display: Loaded TP Android_ATCTargetPlatform
[2018.06.13-22.31.25:543][  0]LogTemp: Display: Loaded TP Android_DXTTargetPlatform
[2018.06.13-22.31.25:560][  0]LogTemp: Display: Loaded TP Android_ETC1aTargetPlatform
[2018.06.13-22.31.25:575][  0]LogTemp: Display: Loaded TP Android_ETC1TargetPlatform
[2018.06.13-22.31.25:587][  0]LogTemp: Display: Loaded TP Android_ETC2TargetPlatform
[2018.06.13-22.31.25:614][  0]LogTemp: Display: Loaded TP Android_MultiTargetPlatform
[2018.06.13-22.31.25:614][  0]LogTemp: Display: Loaded TP Android_PVRTCTargetPlatform
[2018.06.13-22.31.25:632][  0]LogTemp: Display: Loaded TP AndroidTargetPlatform
[2018.06.13-22.31.25:637][  0]LogTemp: Display: Loaded TP HTML5TargetPlatform
[2018.06.13-22.31.25:912][  0]LogTemp: Display: Loaded TP IOSTargetPlatform
[2018.06.13-22.31.25:991][  0]LogTemp: Display: Loaded TP TVOSTargetPlatform
[2018.06.13-22.31.26:004][  0]LogTemp: Display: Loaded TP LinuxClientTargetPlatform
[2018.06.13-22.31.26:017][  0]LogTemp: Display: Loaded TP LinuxNoEditorTargetPlatform
[2018.06.13-22.31.26:046][  0]LogTemp: Display: Loaded TP LinuxServerTargetPlatform
[2018.06.13-22.31.26:173][  0]LogTemp: Display: Loaded TP LinuxTargetPlatform
[2018.06.13-22.31.26:173][  0]LogTargetPlatformManager: Display: Building Assets For Windows
[2018.06.13-22.31.28:227][  0]LogXGEController: Cleaning working directory: C:/Users/Janusz Lorens/AppData/Local/Temp/UnrealXGEWorkingDir/
[2018.06.13-22.31.28:228][  0]LogXGEController: Cannot use XGE Controller as Incredibuild is not installed on this machine.
[2018.06.13-22.31.28:246][  0]LogShaderCompilers: Cannot use XGE Shader Compiler as Incredibuild is not installed on this machine.
[2018.06.13-22.31.28:246][  0]LogShaderCompilers: Display: Using Local Shader Compiler.
[2018.06.13-22.31.30:313][  0]LogDerivedDataCache: Display: Max Cache Size: 512 MB
[2018.06.13-22.31.30:562][  0]LogDerivedDataCache: Loaded boot cache 0.24s 74MB C:/Users/Janusz Lorens/AppData/Local/UnrealEngine/4.19/DerivedDataCache/Boot.ddc.
[2018.06.13-22.31.30:562][  0]LogDerivedDataCache: Display: Loaded Boot cache: C:/Users/Janusz Lorens/AppData/Local/UnrealEngine/4.19/DerivedDataCache/Boot.ddc
[2018.06.13-22.31.30:562][  0]LogDerivedDataCache: FDerivedDataBackendGraph:  Pak pak cache file C:/Users/Janusz Lorens/Documents/Unreal Projects/RTS/DerivedDataCache/DDC.ddp not found, will not use a pak cache.
[2018.06.13-22.31.30:562][  0]LogDerivedDataCache: Unable to find inner node Pak for hierarchical cache Hierarchy.
[2018.06.13-22.31.30:562][  0]LogDerivedDataCache: FDerivedDataBackendGraph:  CompressedPak pak cache file C:/Users/Janusz Lorens/Documents/Unreal Projects/RTS/DerivedDataCache/Compressed.ddp not found, will not use a pak cache.
[2018.06.13-22.31.30:562][  0]LogDerivedDataCache: Unable to find inner node CompressedPak for hierarchical cache Hierarchy.
[2018.06.13-22.31.30:650][  0]LogDerivedDataCache: Display: Pak cache opened for reading ../../../Engine/DerivedDataCache/Compressed.ddp.
[2018.06.13-22.31.30:663][  0]LogDerivedDataCache: Using Local data cache path C:/Users/Janusz Lorens/AppData/Local/UnrealEngine/Common/DerivedDataCache: Writable
[2018.06.13-22.31.30:663][  0]LogDerivedDataCache: Shared data cache path not found in *engine.ini, will not use an Shared cache.
[2018.06.13-22.31.30:663][  0]LogDerivedDataCache: Unable to find inner node Shared for hierarchical cache Hierarchy.
[2018.06.13-22.31.30:729][  0]LogMaterial: Verifying Global Shaders for PCD3D_SM5
[2018.06.13-22.31.30:781][  0]LogSlate: Using Freetype 2.6.0
[2018.06.13-22.31.30:868][  0]LogSlate: SlateFontCache - WITH_FREETYPE: 1, WITH_HARFBUZZ: 1
[2018.06.13-22.31.30:868][  0]LogSlate: SlateFontCache - WITH_FREETYPE: 1, WITH_HARFBUZZ: 1
[2018.06.13-22.31.37:040][  0]LogAssetRegistry: FAssetRegistry took 0.0398 seconds to start up
[2018.06.13-22.31.42:285][  0]LogInit: Selected Device Profile: [Windows]
[2018.06.13-22.31.44:033][  0]LogSimplygon: Simplygon DLL not present - disabling.
[2018.06.13-22.31.44:127][  0]LogMeshReduction: Using SimplygonSwarm for distributed automatic mesh merging
[2018.06.13-22.31.44:128][  0]LogMeshReduction: Using QuadricMeshReduction for automatic static mesh reduction
[2018.06.13-22.31.44:128][  0]LogMeshReduction: No automatic skeletal mesh reduction module available
[2018.06.13-22.31.44:128][  0]LogMeshReduction: No automatic mesh merging module available
[2018.06.13-22.31.44:128][  0]LogMeshMerging: No automatic mesh merging module available
[2018.06.13-22.31.45:098][  0]LogNetVersion: SalwaRTS , NetCL: 3944462, EngineNetVer: 2, GameNetVer: 0 (Checksum: 3420344292)
[2018.06.13-22.31.51:040][  0]LogPackageLocalizationCache: Processed 9 localized package path(s) for 1 prioritized culture(s) in 0.091086 seconds
[2018.06.13-22.31.51:079][  0]LogUObjectArray: 36728 objects as part of root set at end of initial load.
[2018.06.13-22.31.51:079][  0]LogUObjectAllocator: 7314304 out of 0 bytes used by permanent object pool.
[2018.06.13-22.31.51:079][  0]LogUObjectArray: CloseDisregardForGC: 0/0 objects in disregard for GC pool
[2018.06.13-22.32.07:575][  0]LogTcpMessaging: Initializing TcpMessaging bridge
[2018.06.13-22.32.07:654][  0]LogUdpMessaging: Initializing bridge on interface 0.0.0.0:0 to multicast group 230.0.0.1:6666.
[2018.06.13-22.32.09:520][  0]SourceControl: Source control is disabled
[2018.06.13-22.32.09:528][  0]SourceControl: Source control is disabled
[2018.06.13-22.32.09:860][  0]SourceControl: Source control is disabled
[2018.06.13-22.32.09:949][  0]SourceControl: Source control is disabled
[2018.06.13-22.32.13:137][  0]LogAndroidPermission: UAndroidPermissionCallbackProxy::GetInstance
[2018.06.13-22.32.13:784][  0]LogOcInput: OculusInput pre-init called
[2018.06.13-22.32.14:879][  0]LogEngine: Initializing Engine...
[2018.06.13-22.32.14:952][  0]LogHMD: Failed to initialize OpenVR with code 110
[2018.06.13-22.32.14:983][  0]LogStats: UGameplayTagsManager::ConstructGameplayTagTree: Construct from data asset -  0.000 s
[2018.06.13-22.32.14:983][  0]LogStats: UGameplayTagsManager::ConstructGameplayTagTree: GameplayTagTreeChangedEvent.Broadcast -  0.000 s
[2018.06.13-22.32.16:293][  0]LogAIModule: Creating AISystem for world Untitled
[2018.06.13-22.32.16:570][  0]LogInit: XAudio2 using 'Speakers (Realtek High Definition Audio)' : 2 channels at 48 kHz using 32 bits per sample (channel mask 0x3)
[2018.06.13-22.32.16:589][  0]LogInit: FAudioDevice initialized.
[2018.06.13-22.32.16:696][  0]LogDerivedDataCache: Saved boot cache 0.08s 74MB C:/Users/Janusz Lorens/AppData/Local/UnrealEngine/4.19/DerivedDataCache/Boot.ddc.
[2018.06.13-22.32.16:702][  0]LogInit: Texture streaming: Enabled
[2018.06.13-22.32.17:084][  0]LogEngineSessionManager: EngineSessionManager initialized
[2018.06.13-22.32.17:363][  0]LogInit: Transaction tracking system initialized
[2018.06.13-22.32.18:200][  0]BlueprintLog: New page: Editor Load
[2018.06.13-22.32.21:178][  0]LocalizationService: Localization service is disabled
[2018.06.13-22.32.23:242][  0]LogConsoleResponse: Display: 
[2018.06.13-22.32.25:185][  0]LogFileCache: Scanning file cache for directory 'C:/Users/Janusz Lorens/Documents/Unreal Projects/RTS/Content/' took 0.03s
[2018.06.13-22.32.25:185][  0]LogCook: Display: Max memory allowance for cook 16384mb min free memory 0mb
[2018.06.13-22.32.25:186][  0]LogCook: Display: Mobile HDR setting 1
[2018.06.13-22.32.25:199][  0]LogGameplayTags: Display: UGameplayTagsManager::DoneAddingNativeTags. DelegateIsBound: 0
[2018.06.13-22.32.25:199][  0]LogStats: UGameplayTagsManager::ConstructGameplayTagTree: Construct from data asset -  0.000 s
[2018.06.13-22.32.25:199][  0]LogStats: UGameplayTagsManager::ConstructGameplayTagTree: GameplayTagTreeChangedEvent.Broadcast -  0.000 s
[2018.06.13-22.32.28:695][  0]SourceControl: Source control is disabled
[2018.06.13-22.32.28:752][  0]Cmd: MAP LOAD FILE="C:/Users/Janusz Lorens/Documents/Unreal Projects/RTS/Content/MainContent/Maps/RTS_test_map.umap" TEMPLATE=0 SHOWPROGRESS=1 FEATURELEVEL=3
[2018.06.13-22.32.28:778][  0]LightingResults: New page: Lighting Build
[2018.06.13-22.32.29:087][  0]MapCheck: New page: Map Check
[2018.06.13-22.32.29:087][  0]LightingResults: New page: Lighting Build
[2018.06.13-22.32.30:696][  0]LogUObjectGlobals: Created PersistentFrame Addr=0x000001aa01c56e00, Size=736, Default__BP_BasicUnit_C Function /Game/MainContent/Blueprints/BP_BasicUnit.BP_BasicUnit_C:ExecuteUbergraph_BP_BasicUnit
[2018.06.13-22.32.30:746][  0]LogUObjectGlobals: Created PersistentFrame Addr=0x000001aa01c5ff80, Size=4, Default__WB_StatisticsBars_C Function /Game/MainContent/UI/WB_StatisticsBars.WB_StatisticsBars_C:ExecuteUbergraph_WB_StatisticsBars
[2018.06.13-22.32.30:822][  0]LogUObjectGlobals: Created PersistentFrame Addr=0x000001aa0289e070, Size=80, Default__BasicUnit_AnimBlueprint_C Function /Game/AnimStarterPack/BasicUnit_AnimBlueprint.BasicUnit_AnimBlueprint_C:ExecuteUbergraph_BasicUnit_AnimBlueprint
[2018.06.13-22.32.31:017][  0]LogUObjectGlobals: Created PersistentFrame Addr=0x000001aa05122080, Size=3280, Default__BP_MyPlayerController_C Function /Game/MainContent/Blueprints/BP_MyPlayerController.BP_MyPlayerController_C:ExecuteUbergraph_BP_MyPlayerController
[2018.06.13-22.32.31:239][  0]LogUObjectGlobals: Destroyed PersistentFrame Addr=0x000001aa0289e070, Size=80
[2018.06.13-22.32.31:239][  0]LogUObjectGlobals: Created PersistentFrame Addr=0x000001aa04ff3010, Size=80, Default__BasicUnit_AnimBlueprint_C Function /Engine/Transient.REINST_BasicUnit_AnimBlueprint_C_0:ExecuteUbergraph_BasicUnit_AnimBlueprint
[2018.06.13-22.32.31:240][  0]LogUObjectGlobals: Destroyed PersistentFrame Addr=0x000001aa01c5ff80, Size=4
[2018.06.13-22.32.31:240][  0]LogUObjectGlobals: Created PersistentFrame Addr=0x000001aa05d375b8, Size=4, Default__WB_StatisticsBars_C Function /Engine/Transient.REINST_WB_StatisticsBars_C_0:ExecuteUbergraph_WB_StatisticsBars
[2018.06.13-22.32.31:253][  0]LogUObjectGlobals: Destroyed PersistentFrame Addr=0x000001aa01c56e00, Size=736
[2018.06.13-22.32.31:253][  0]LogUObjectGlobals: Created PersistentFrame Addr=0x000001aa05cd7400, Size=736, Default__BP_BasicUnit_C Function /Engine/Transient.REINST_BP_BasicUnit_C_8:ExecuteUbergraph_BP_BasicUnit
[2018.06.13-22.32.31:254][  0]LogUObjectGlobals: Destroyed PersistentFrame Addr=0x000001aa05122080, Size=3280
[2018.06.13-22.32.31:254][  0]LogUObjectGlobals: Created PersistentFrame Addr=0x000001aa05cb7040, Size=3280, Default__BP_MyPlayerController_C Function /Engine/Transient.REINST_BP_MyPlayerController_C_9:ExecuteUbergraph_BP_MyPlayerController
[2018.06.13-22.32.31:310][  0]LogUObjectGlobals: Created PersistentFrame Addr=0x000001aa05abd8f0, Size=80, Default__BasicUnit_AnimBlueprint_C Function /Game/AnimStarterPack/BasicUnit_AnimBlueprint.BasicUnit_AnimBlueprint_C:ExecuteUbergraph_BasicUnit_AnimBlueprint
[2018.06.13-22.32.31:312][  0]LogUObjectGlobals: Created PersistentFrame Addr=0x000001aa05d36068, Size=4, Default__WB_StatisticsBars_C Function /Game/MainContent/UI/WB_StatisticsBars.WB_StatisticsBars_C:ExecuteUbergraph_WB_StatisticsBars
[2018.06.13-22.32.31:313][  0]LogUObjectGlobals: Created PersistentFrame Addr=0x000001aa05135000, Size=736, Default__BP_BasicUnit_C Function /Game/MainContent/Blueprints/BP_BasicUnit.BP_BasicUnit_C:ExecuteUbergraph_BP_BasicUnit
[2018.06.13-22.32.31:319][  0]LogUObjectGlobals: Created PersistentFrame Addr=0x000001aa059e3040, Size=3280, Default__BP_MyPlayerController_C Function /Game/MainContent/Blueprints/BP_MyPlayerController.BP_MyPlayerController_C:ExecuteUbergraph_BP_MyPlayerController
[2018.06.13-22.32.31:404][  0]LogUObjectGlobals: Created PersistentFrame Addr=0x000001aa0510d300, Size=160, Default__WB_StaticText_C Function /Game/MainContent/UI/WB_StaticText.WB_StaticText_C:ExecuteUbergraph_WB_StaticText
[2018.06.13-22.32.31:440][  0]LogUObjectGlobals: Destroyed PersistentFrame Addr=0x000001aa0510d300, Size=160
[2018.06.13-22.32.31:440][  0]LogUObjectGlobals: Created PersistentFrame Addr=0x000001aa05a02e80, Size=160, Default__WB_StaticText_C Function /Engine/Transient.REINST_WB_StaticText_C_1:ExecuteUbergraph_WB_StaticText
[2018.06.13-22.32.31:442][  0]LogUObjectGlobals: Created PersistentFrame Addr=0x000001aa05a01b20, Size=160, Default__WB_StaticText_C Function /Game/MainContent/UI/WB_StaticText.WB_StaticText_C:ExecuteUbergraph_WB_StaticText
[2018.06.13-22.32.31:443][  0]LogUObjectGlobals: Created PersistentFrame Addr=0x000001aa01bc4420, Size=32, Default__WB_ActionButton_C Function /Game/MainContent/UI/CombatHud/WB_ActionButton.WB_ActionButton_C:ExecuteUbergraph_WB_ActionButton
[2018.06.13-22.32.31:446][  0]LogUObjectGlobals: Destroyed PersistentFrame Addr=0x000001aa01bc4420, Size=32
[2018.06.13-22.32.31:446][  0]LogUObjectGlobals: Created PersistentFrame Addr=0x000001aa01bc4420, Size=32, Default__WB_ActionButton_C Function /Engine/Transient.REINST_WB_ActionButton_C_2:ExecuteUbergraph_WB_ActionButton
[2018.06.13-22.32.31:447][  0]LogUObjectGlobals: Created PersistentFrame Addr=0x000001aa05a48b00, Size=32, Default__WB_ActionButton_C Function /Game/MainContent/UI/CombatHud/WB_ActionButton.WB_ActionButton_C:ExecuteUbergraph_WB_ActionButton
[2018.06.13-22.32.31:472][  0]LogUObjectGlobals: Created PersistentFrame Addr=0x000001aa05bc19b8, Size=40, Default__WB_SingleUnitGroup_C Function /Game/MainContent/UI/CombatHud/WB_SingleUnitGroup.WB_SingleUnitGroup_C:ExecuteUbergraph_WB_SingleUnitGroup
[2018.06.13-22.32.31:474][  0]LogUObjectGlobals: Destroyed PersistentFrame Addr=0x000001aa05bc19b8, Size=40
[2018.06.13-22.32.31:474][  0]LogUObjectGlobals: Created PersistentFrame Addr=0x000001aa05bc19b8, Size=40, Default__WB_SingleUnitGroup_C Function /Engine/Transient.REINST_WB_SingleUnitGroup_C_5:ExecuteUbergraph_WB_SingleUnitGroup
[2018.06.13-22.32.31:476][  0]LogUObjectGlobals: Created PersistentFrame Addr=0x000001aa05bc18c8, Size=40, Default__WB_SingleUnitGroup_C Function /Game/MainContent/UI/CombatHud/WB_SingleUnitGroup.WB_SingleUnitGroup_C:ExecuteUbergraph_WB_SingleUnitGroup
[2018.06.13-22.32.31:478][  0]LogUObjectGlobals: Created PersistentFrame Addr=0x000001aa05941780, Size=96, Default__WB_GroupedUnitsBar_C Function /Game/MainContent/UI/CombatHud/WB_GroupedUnitsBar.WB_GroupedUnitsBar_C:ExecuteUbergraph_WB_GroupedUnitsBar
[2018.06.13-22.32.31:482][  0]LogUObjectGlobals: Destroyed PersistentFrame Addr=0x000001aa05941780, Size=96
[2018.06.13-22.32.31:482][  0]LogUObjectGlobals: Created PersistentFrame Addr=0x000001aa05941780, Size=96, Default__WB_GroupedUnitsBar_C Function /Engine/Transient.REINST_WB_GroupedUnitsBar_C_6:ExecuteUbergraph_WB_GroupedUnitsBar
[2018.06.13-22.32.31:484][  0]LogUObjectGlobals: Created PersistentFrame Addr=0x000001aa05a24fa0, Size=96, Default__WB_GroupedUnitsBar_C Function /Game/MainContent/UI/CombatHud/WB_GroupedUnitsBar.WB_GroupedUnitsBar_C:ExecuteUbergraph_WB_GroupedUnitsBar
[2018.06.13-22.32.31:490][  0]LogUObjectGlobals: Created PersistentFrame Addr=0x000001aa05958a68, Size=52, Default__WB_SingleUnit_C Function /Game/MainContent/UI/CombatHud/WB_SingleUnit.WB_SingleUnit_C:ExecuteUbergraph_WB_SingleUnit
[2018.06.13-22.32.31:493][  0]LogUObjectGlobals: Destroyed PersistentFrame Addr=0x000001aa05958a68, Size=52
[2018.06.13-22.32.31:493][  0]LogUObjectGlobals: Created PersistentFrame Addr=0x000001aa05958a68, Size=52, Default__WB_SingleUnit_C Function /Engine/Transient.REINST_WB_SingleUnit_C_7:ExecuteUbergraph_WB_SingleUnit
[2018.06.13-22.32.31:494][  0]LogUObjectGlobals: Created PersistentFrame Addr=0x000001aa05958d78, Size=52, Default__WB_SingleUnit_C Function /Game/MainContent/UI/CombatHud/WB_SingleUnit.WB_SingleUnit_C:ExecuteUbergraph_WB_SingleUnit
[2018.06.13-22.32.31:495][  0]LogUObjectGlobals: Created PersistentFrame Addr=0x000001aa050b4ce0, Size=32, Default__WB_SelectedUnitsGrid_C Function /Game/MainContent/UI/CombatHud/WB_SelectedUnitsGrid.WB_SelectedUnitsGrid_C:ExecuteUbergraph_WB_SelectedUnitsGrid
[2018.06.13-22.32.31:499][  0]LogUObjectGlobals: Destroyed PersistentFrame Addr=0x000001aa050b4ce0, Size=32
[2018.06.13-22.32.31:499][  0]LogUObjectGlobals: Created PersistentFrame Addr=0x000001aa050b4ce0, Size=32, Default__WB_SelectedUnitsGrid_C Function /Engine/Transient.REINST_WB_SelectedUnitsGrid_C_8:ExecuteUbergraph_WB_SelectedUnitsGrid
[2018.06.13-22.32.31:502][  0]LogUObjectGlobals: Created PersistentFrame Addr=0x000001aa05457960, Size=32, Default__WB_SelectedUnitsGrid_C Function /Game/MainContent/UI/CombatHud/WB_SelectedUnitsGrid.WB_SelectedUnitsGrid_C:ExecuteUbergraph_WB_SelectedUnitsGrid
[2018.06.13-22.32.31:509][  0]LogUObjectGlobals: Created PersistentFrame Addr=0x000001aa05c537b0, Size=104, Default__BP_MyHUD_C Function /Game/MainContent/HUDs/BP_MyHUD.BP_MyHUD_C:ExecuteUbergraph_BP_MyHUD
[2018.06.13-22.32.31:513][  0]LogUObjectGlobals: Destroyed PersistentFrame Addr=0x000001aa05c537b0, Size=104
[2018.06.13-22.32.31:513][  0]LogUObjectGlobals: Created PersistentFrame Addr=0x000001aa05c537b0, Size=104, Default__BP_MyHUD_C Function /Engine/Transient.REINST_BP_MyHUD_C_35:ExecuteUbergraph_BP_MyHUD
[2018.06.13-22.32.31:517][  0]LogUObjectGlobals: Created PersistentFrame Addr=0x000001aa05a86a20, Size=104, Default__BP_MyHUD_C Function /Game/MainContent/HUDs/BP_MyHUD.BP_MyHUD_C:ExecuteUbergraph_BP_MyHUD
[2018.06.13-22.32.31:543][  0]LogUObjectGlobals: Created PersistentFrame Addr=0x000001aa05439d00, Size=1152, Default__RTS_test_map_C Function /Game/MainContent/Maps/RTS_test_map.RTS_test_map_C:ExecuteUbergraph_RTS_test_map
[2018.06.13-22.32.31:558][  0]LogUObjectGlobals: Destroyed PersistentFrame Addr=0x000001aa05439d00, Size=1152
[2018.06.13-22.32.31:558][  0]LogUObjectGlobals: Created PersistentFrame Addr=0x000001aa053a5d00, Size=1152, Default__RTS_test_map_C Function /Engine/Transient.REINST_RTS_test_map_C_39:ExecuteUbergraph_RTS_test_map
[2018.06.13-22.32.31:567][  0]LogUObjectGlobals: Created PersistentFrame Addr=0x000001aa05340100, Size=1152, Default__RTS_test_map_C Function /Game/MainContent/Maps/RTS_test_map.RTS_test_map_C:ExecuteUbergraph_RTS_test_map
[2018.06.13-22.32.32:099][  0]LogSkeletalMesh: Skeletal Mesh found in DDC [12.788039ms] /Game/MainContent/Blueprints/Items/Weapons/Shields/FantasyShield/FantasyShield.FantasyShield
[2018.06.13-22.32.32:152][  0]LogSkeletalMesh: Skeletal Mesh found in DDC [3.591310ms] /Game/InfinityBladeWeapons/Weapons/Blade/Swords/Blade_BlackKnight/SK_Blade_BlackKnight.SK_Blade_BlackKnight
[2018.06.13-22.32.32:415][  0]LogSkeletalMesh: Skeletal Mesh found in DDC [11.550220ms] /Game/AnimStarterPack/UE4_Mannequin/Mesh/SK_Mannequin.SK_Mannequin
[2018.06.13-22.32.32:946][  0]LogAIModule: Creating AISystem for world RTS_test_map
[2018.06.13-22.32.34:401][  0]LogEditorServer: Finished looking for orphan Actors (0.000 secs)
[2018.06.13-22.32.34:629][  0]LogUObjectGlobals: Destroyed PersistentFrame Addr=0x000001aa05cd7400, Size=736
[2018.06.13-22.32.34:629][  0]LogUObjectGlobals: Destroyed PersistentFrame Addr=0x000001aa05d375b8, Size=4
[2018.06.13-22.32.34:630][  0]LogUObjectGlobals: Destroyed PersistentFrame Addr=0x000001aa04ff3010, Size=80
[2018.06.13-22.32.34:638][  0]LogUObjectGlobals: Destroyed PersistentFrame Addr=0x000001aa05cb7040, Size=3280
[2018.06.13-22.32.34:638][  0]LogUObjectGlobals: Destroyed PersistentFrame Addr=0x000001aa05a02e80, Size=160
[2018.06.13-22.32.34:638][  0]LogUObjectGlobals: Destroyed PersistentFrame Addr=0x000001aa01bc4420, Size=32
[2018.06.13-22.32.34:638][  0]LogUObjectGlobals: Destroyed PersistentFrame Addr=0x000001aa05bc19b8, Size=40
[2018.06.13-22.32.34:638][  0]LogUObjectGlobals: Destroyed PersistentFrame Addr=0x000001aa05941780, Size=96
[2018.06.13-22.32.34:638][  0]LogUObjectGlobals: Destroyed PersistentFrame Addr=0x000001aa05958a68, Size=52
[2018.06.13-22.32.34:638][  0]LogUObjectGlobals: Destroyed PersistentFrame Addr=0x000001aa050b4ce0, Size=32
[2018.06.13-22.32.34:639][  0]LogUObjectGlobals: Destroyed PersistentFrame Addr=0x000001aa05c537b0, Size=104
[2018.06.13-22.32.34:639][  0]LogUObjectGlobals: Destroyed PersistentFrame Addr=0x000001aa053a5d00, Size=1152
[2018.06.13-22.32.34:778][  0]Cmd: MAP CHECKDEP NOCLEARLOG
[2018.06.13-22.32.34:851][  0]MapCheck: Map check complete: 0 Error(s), 0 Warning(s), took 71,874ms to complete.
[2018.06.13-22.32.34:851][  0]LogFileHelpers: Loading map 'RTS_test_map' took 6.116
[2018.06.13-22.32.37:218][  0]LogCollectionManager: Loaded 0 collections in 0.001018 seconds
[2018.06.13-22.32.37:346][  0]LogFileCache: Scanning file cache for directory 'C:/Users/Janusz Lorens/Documents/Unreal Projects/RTS/Saved/Collections/' took 0.01s
[2018.06.13-22.32.37:346][  0]LogFileCache: Scanning file cache for directory 'C:/Users/Janusz Lorens/Documents/Unreal Projects/RTS/Content/Developers/JanuszLorens/Collections/' took 0.01s
[2018.06.13-22.32.37:346][  0]LogFileCache: Scanning file cache for directory 'C:/Users/Janusz Lorens/Documents/Unreal Projects/RTS/Content/Collections/' took 0.02s
[2018.06.13-22.32.37:346][  0]LogCollectionManager: Rebuilt the GUID cache for 0 collections in 0.000000 seconds
[2018.06.13-22.32.37:385][  0]LogContentBrowser: Native class hierarchy populated in 0.0388 seconds. Added 2468 classes and 561 folders.
[2018.06.13-22.32.37:597][  0]LogContentBrowser: Native class hierarchy updated for 'WidgetCarousel' in 0.0006 seconds. Added 0 classes and 0 folders.
[2018.06.13-22.32.38:862][  0]LogContentBrowser: Native class hierarchy updated for 'AddContentDialog' in 0.0006 seconds. Added 0 classes and 0 folders.
[2018.06.13-22.32.39:046][  0]LogContentBrowser: Native class hierarchy updated for 'SceneOutliner' in 0.0006 seconds. Added 1 classes and 2 folders.
[2018.06.13-22.32.42:972][  0]LogTemp: Executing iPhonePackager certificates Engine -bundlename com.YourCompany.SalwaRTS
[2018.06.13-22.32.42:972][  0]LogTemp: CWD: D:\UE_4.19\Engine\Binaries\DotNET\IOS
[2018.06.13-22.32.42:972][  0]LogTemp: Initial Dir: D:\UE_4.19
[2018.06.13-22.32.42:972][  0]LogTemp: Env CWD: D:\UE_4.19\Engine\Binaries\DotNET\IOS
[2018.06.13-22.32.42:972][  0]LogTemp: BranchPath = DESKTOP-FOLCDC5/D/UE_4.19/Engine/Binaries --- GameBranchPath = DESKTOP-FOLCDC5/D/UE_4.19/Engine/Binaries
[2018.06.13-22.32.42:972][  0]LogSlate: Only BGRA pngs, bmps or icos are supported in by External Image Picker
[2018.06.13-22.32.43:187][  0]LogTemp: IPP ERROR: Could not find provision directory 'C:\Users\Janusz Lorens\AppData\Local/Apple Computer/MobileDevice/Provisioning Profiles/'.
[2018.06.13-22.32.43:187][  0]LogSlate: Took 0.022363 seconds to synchronously load lazily loaded font '../../../Engine/Content/Slate/Fonts/Roboto-Regular.ttf' (155K)
[2018.06.13-22.32.43:260][  0]LogSlate: Took 0.038677 seconds to synchronously load lazily loaded font '../../../Engine/Content/Slate/Fonts/Roboto-Bold.ttf' (160K)
[2018.06.13-22.32.43:367][  0]LogSlate: Took 0.009021 seconds to synchronously load lazily loaded font '../../../Engine/Content/Editor/Slate/Fonts/FontAwesome.ttf' (139K)
[2018.06.13-22.32.44:054][  0]LogRenderer: Reallocating scene render targets to support 1208x576 Format 10 NumSamples 1 (Frame:1).
[2018.06.13-22.32.45:197][  0]LogContentBrowser: Native class hierarchy updated for 'HierarchicalLODOutliner' in 0.0030 seconds. Added 0 classes and 0 folders.
[2018.06.13-22.32.45:198][  0]LogLoad: (Engine Initialization) Total time: 100.23 seconds
[2018.06.13-22.32.45:198][  0]LogLoad: (Engine Initialization) Total Blueprint compile time: 0.00 seconds
[2018.06.13-22.32.46:321][  0]LogContentStreaming: Texture pool size now 1000 MB
[2018.06.13-22.32.46:962][  1]LogSlate: Took 0.033206 seconds to synchronously load lazily loaded font '../../../Engine/Content/Slate/Fonts/Roboto-Light.ttf' (167K)
[2018.06.13-22.32.48:091][  5]LogAssetRegistry: Asset discovery search completed in 71.0860 seconds
[2018.06.13-22.32.48:110][  5]LogCollectionManager: Rebuilt the object cache for 0 collections in 0.000000 seconds (found 0 objects)
[2018.06.13-22.32.48:110][  5]LogCollectionManager: Fixed up redirectors for 0 collections in 0.000441 seconds (updated 0 objects)
[2018.06.13-22.33.23:206][190]LogSlate: FSceneViewport::OnFocusLost() reason 0
[2018.06.13-22.33.24:093][292]LogTemp: Repeating last play command: New Editor Window (PIE)
[2018.06.13-22.33.24:147][292]LogBlueprintUserMessages: Early PlayInEditor Detection: Level '/Game/MainContent/Maps/RTS_test_map.RTS_test_map:PersistentLevel' has LevelScriptBlueprint '/Game/MainContent/Maps/RTS_test_map.RTS_test_map:PersistentLevel.RTS_test_map' with GeneratedClass '/Game/MainContent/Maps/RTS_test_map.RTS_test_map_C' with ClassGeneratedBy '/Game/MainContent/Maps/RTS_test_map.RTS_test_map:PersistentLevel.RTS_test_map'
[2018.06.13-22.33.24:182][292]LogPlayLevel: PlayLevel: No blueprints needed recompiling
[2018.06.13-22.33.24:271][292]PIE: New page: PIE session: RTS_test_map (14 cze 2018, 02:33:24)
[2018.06.13-22.33.24:272][292]LogPlayLevel: Creating play world package: /Game/MainContent/Maps/UEDPIE_0_RTS_test_map
[2018.06.13-22.33.24:377][292]LogPlayLevel: PIE: StaticDuplicateObject took: (0.105189s)
[2018.06.13-22.33.24:377][292]LogAIModule: Creating AISystem for world RTS_test_map
[2018.06.13-22.33.24:393][292]LogPlayLevel: PIE: World Init took: (0.015686s)
[2018.06.13-22.33.24:394][292]LogPlayLevel: PIE: Created PIE world by copying editor world from /Game/MainContent/Maps/RTS_test_map.RTS_test_map to /Game/MainContent/Maps/UEDPIE_0_RTS_test_map.RTS_test_map (0.121680s)
[2018.06.13-22.33.24:429][292]LogInit: XAudio2 using 'Speakers (Realtek High Definition Audio)' : 2 channels at 48 kHz using 32 bits per sample (channel mask 0x3)
[2018.06.13-22.33.24:434][292]LogInit: FAudioDevice initialized.
[2018.06.13-22.33.24:516][292]LogLoad: Game class is 'BP_BattleMapGameMode_C'
[2018.06.13-22.33.24:677][292]LogWorld: Bringing World /Game/MainContent/Maps/UEDPIE_0_RTS_test_map.RTS_test_map up for play (max tick rate 0) at 2018.06.14-00.33.24
[2018.06.13-22.33.24:755][292]LogWorld: Bringing up level for play took: 0.079414
[2018.06.13-22.33.24:866][292]LogContentBrowser: Native class hierarchy updated for 'MovieSceneCapture' in 0.0006 seconds. Added 11 classes and 0 folders.
[2018.06.13-22.33.24:884][292]LogGameMode: Display: Match State Changed from EnteringMap to WaitingToStart
[2018.06.13-22.33.24:884][292]LogGameState: Match State Changed from EnteringMap to WaitingToStart
[2018.06.13-22.33.24:884][292]LogGameMode: Display: Match State Changed from WaitingToStart to InProgress
[2018.06.13-22.33.25:355][292]LogGameState: Match State Changed from WaitingToStart to InProgress
[2018.06.13-22.33.25:367][292]PIE: Play in editor start time for /Game/MainContent/Maps/UEDPIE_0_RTS_test_map 1,502
[2018.06.13-22.33.25:372][292]LogBlueprintUserMessages: Late PlayInEditor Detection: Level '/Game/MainContent/Maps/RTS_test_map.RTS_test_map:PersistentLevel' has LevelScriptBlueprint '/Game/MainContent/Maps/RTS_test_map.RTS_test_map:PersistentLevel.RTS_test_map' with GeneratedClass '/Game/MainContent/Maps/RTS_test_map.RTS_test_map_C' with ClassGeneratedBy '/Game/MainContent/Maps/RTS_test_map.RTS_test_map:PersistentLevel.RTS_test_map'
[2018.06.13-22.33.25:518][292]LogRenderer: Reallocating scene render targets to support 1292x756 Format 10 NumSamples 1 (Frame:1).
[2018.06.13-22.33.27:618][509]LogBlueprintUserMessages: Early EndPlayMap Detection: Level '/Game/MainContent/Maps/RTS_test_map.RTS_test_map:PersistentLevel' has LevelScriptBlueprint '/Game/MainContent/Maps/RTS_test_map.RTS_test_map:PersistentLevel.RTS_test_map' with GeneratedClass '/Game/MainContent/Maps/RTS_test_map.RTS_test_map_C' with ClassGeneratedBy '/Game/MainContent/Maps/RTS_test_map.RTS_test_map:PersistentLevel.RTS_test_map'
[2018.06.13-22.33.27:658][509]LogSlate: Window 'SalwaRTS Game Preview Standalone (64-bit/PCD3D_SM5)' being destroyed
[2018.06.13-22.33.27:779][509]LogBlueprintUserMessages: Late EndPlayMap Detection: Level '/Game/MainContent/Maps/RTS_test_map.RTS_test_map:PersistentLevel' has LevelScriptBlueprint '/Game/MainContent/Maps/RTS_test_map.RTS_test_map:PersistentLevel.RTS_test_map' with GeneratedClass '/Game/MainContent/Maps/RTS_test_map.RTS_test_map_C' with ClassGeneratedBy '/Game/MainContent/Maps/RTS_test_map.RTS_test_map:PersistentLevel.RTS_test_map'
[2018.06.13-22.35.32:292][137]LogSlate: Window 'SalwaRTS - Unreal Editor' being destroyed
[2018.06.13-22.35.32:292][137]LogWindowsTextInputMethodSystem: Display: IME system now deactivated.
[2018.06.13-22.35.32:921][138]Cmd: QUIT_EDITOR
[2018.06.13-22.35.34:097][138]LogSlate: Slate User Destroyed.  User Index 0, Is Virtual User: 0
[2018.06.13-22.35.34:113][138]LogExit: Preparing to exit.
[2018.06.13-22.35.35:608][138]LogExit: Editor shut down
[2018.06.13-22.35.35:610][138]LogExit: Transaction tracking system shut down
[2018.06.13-22.35.35:610][138]LogUObjectGlobals: Destroyed PersistentFrame Addr=0x000001aa05abd8f0, Size=80
[2018.06.13-22.35.35:610][138]LogUObjectGlobals: Destroyed PersistentFrame Addr=0x000001aa05d36068, Size=4
[2018.06.13-22.35.35:611][138]LogUObjectGlobals: Destroyed PersistentFrame Addr=0x000001aa05135000, Size=736
[2018.06.13-22.35.35:611][138]LogUObjectGlobals: Destroyed PersistentFrame Addr=0x000001aa059e3040, Size=3280
[2018.06.13-22.35.35:611][138]LogUObjectGlobals: Destroyed PersistentFrame Addr=0x000001aa05a01b20, Size=160
[2018.06.13-22.35.35:611][138]LogUObjectGlobals: Destroyed PersistentFrame Addr=0x000001aa05a48b00, Size=32
[2018.06.13-22.35.35:611][138]LogUObjectGlobals: Destroyed PersistentFrame Addr=0x000001aa05bc18c8, Size=40
[2018.06.13-22.35.35:611][138]LogUObjectGlobals: Destroyed PersistentFrame Addr=0x000001aa05a24fa0, Size=96
[2018.06.13-22.35.35:612][138]LogUObjectGlobals: Destroyed PersistentFrame Addr=0x000001aa05958d78, Size=52
[2018.06.13-22.35.35:612][138]LogUObjectGlobals: Destroyed PersistentFrame Addr=0x000001aa05457960, Size=32
[2018.06.13-22.35.35:612][138]LogUObjectGlobals: Destroyed PersistentFrame Addr=0x000001aa05a86a20, Size=104
[2018.06.13-22.35.35:612][138]LogUObjectGlobals: Destroyed PersistentFrame Addr=0x000001aa05340100, Size=1152
[2018.06.13-22.35.35:766][138]LogDirectoryWatcher: A directory notification for '../../../Engine/Content/' was aborted.
[2018.06.13-22.35.35:767][138]LogDirectoryWatcher: A directory notification for 'C:/Users/Janusz Lorens/Documents/Unreal Projects/RTS/Content/' was aborted.
[2018.06.13-22.35.35:767][138]LogDirectoryWatcher: A directory notification for '../../Plugins/2D/Paper2D/Content/' was aborted.
[2018.06.13-22.35.35:767][138]LogDirectoryWatcher: A directory notification for '../../Plugins/Enterprise/DatasmithContent/Content/' was aborted.
[2018.06.13-22.35.35:767][138]LogDirectoryWatcher: A directory notification for '../../Plugins/Media/MediaCompositing/Content/' was aborted.
[2018.06.13-22.35.35:767][138]LogDirectoryWatcher: A directory notification for '../../Plugins/Runtime/AppleARKit/Content/' was aborted.
[2018.06.13-22.35.35:767][138]LogDirectoryWatcher: A directory notification for '../../Plugins/Runtime/Oculus/OculusVR/Content/' was aborted.
[2018.06.13-22.35.35:767][138]LogDirectoryWatcher: A directory notification for '../../Plugins/Runtime/Steam/SteamVR/Content/' was aborted.
[2018.06.13-22.35.36:949][138]LogExit: Object subsystem successfully closed.
[2018.06.13-22.35.37:110][138]LogShaderCompilers: Display: Shaders left to compile 0
[2018.06.13-22.35.37:119][138]LogD3D11RHI: Shutdown
[2018.06.13-22.35.37:119][138]LogD3D11RHI: CleanupD3DDevice
[2018.06.13-22.35.37:133][138]LogD3D11RHI: ~FD3D11DynamicRHI
[2018.06.13-22.35.37:994][138]LogModuleManager: Shutting down and abandoning module MovieSceneCapture (580)
[2018.06.13-22.35.37:994][138]LogModuleManager: Shutting down and abandoning module HierarchicalLODOutliner (578)
[2018.06.13-22.35.37:994][138]LogModuleManager: Shutting down and abandoning module ExternalImagePicker (576)
[2018.06.13-22.35.37:994][138]LogModuleManager: Shutting down and abandoning module DesktopPlatform (574)
[2018.06.13-22.35.37:995][138]LogModuleManager: Shutting down and abandoning module SceneOutliner (572)
[2018.06.13-22.35.38:009][138]LogModuleManager: Shutting down and abandoning module AddContentDialog (570)
[2018.06.13-22.35.38:032][138]LogDirectoryWatcher: A directory notification for 'D:/UE_4.19/FeaturePacks/' was aborted.
[2018.06.13-22.35.38:032][138]LogModuleManager: Shutting down and abandoning module WidgetCarousel (569)
[2018.06.13-22.35.38:033][138]LogModuleManager: Shutting down and abandoning module EditorWidgets (566)
[2018.06.13-22.35.38:033][138]LogModuleManager: Shutting down and abandoning module CollectionManager (564)
[2018.06.13-22.35.38:047][138]LogDirectoryWatcher: A directory notification for 'C:/Users/Janusz Lorens/Documents/Unreal Projects/RTS/Content/Collections/' was aborted.
[2018.06.13-22.35.38:047][138]LogDirectoryWatcher: A directory notification for 'C:/Users/Janusz Lorens/Documents/Unreal Projects/RTS/Content/Developers/JanuszLorens/Collections/' was aborted.
[2018.06.13-22.35.38:047][138]LogDirectoryWatcher: A directory notification for 'C:/Users/Janusz Lorens/Documents/Unreal Projects/RTS/Saved/Collections/' was aborted.
[2018.06.13-22.35.38:047][138]LogModuleManager: Shutting down and abandoning module StatsViewer (562)
[2018.06.13-22.35.38:047][138]LogModuleManager: Shutting down and abandoning module FoliageEdit (560)
[2018.06.13-22.35.38:047][138]LogModuleManager: Shutting down and abandoning module LandscapeEditor (558)
[2018.06.13-22.35.38:069][138]LogModuleManager: Shutting down and abandoning module MeshPaintMode (556)
[2018.06.13-22.35.38:070][138]LogModuleManager: Shutting down and abandoning module SceneDepthPickerMode (554)
[2018.06.13-22.35.38:070][138]LogModuleManager: Shutting down and abandoning module ActorPickerMode (552)
[2018.06.13-22.35.38:070][138]LogModuleManager: Shutting down and abandoning module GeometryMode (550)
[2018.06.13-22.35.38:088][138]LogModuleManager: Shutting down and abandoning module TextureAlignMode (548)
[2018.06.13-22.35.38:088][138]LogModuleManager: Shutting down and abandoning module BspMode (546)
[2018.06.13-22.35.38:088][138]LogModuleManager: Shutting down and abandoning module PIEPreviewDeviceProfileSelector (544)
[2018.06.13-22.35.38:089][138]LogModuleManager: Shutting down and abandoning module HardwareSurvey (542)
[2018.06.13-22.35.38:089][138]LogModuleManager: Shutting down and abandoning module SequenceRecorderSections (540)
[2018.06.13-22.35.38:105][138]LogModuleManager: Shutting down and abandoning module AutomationWorker (538)
[2018.06.13-22.35.38:105][138]LogModuleManager: Shutting down and abandoning module AudioCaptureEditor (536)
[2018.06.13-22.35.38:105][138]LogModuleManager: Shutting down and abandoning module SequenceRecorder (535)
[2018.06.13-22.35.38:115][138]LogModuleManager: Shutting down and abandoning module MatineeToLevelSequence (532)
[2018.06.13-22.35.38:133][138]LogModuleManager: Shutting down and abandoning module LevelSequenceEditor (530)
[2018.06.13-22.35.38:156][138]LogModuleManager: Shutting down and abandoning module PlacementMode (529)
[2018.06.13-22.35.38:156][138]LogModuleManager: Shutting down and abandoning module MaterialEditor (528)
[2018.06.13-22.35.38:186][138]LogModuleManager: Shutting down and abandoning module WmfMediaFactory (524)
[2018.06.13-22.35.38:186][138]LogModuleManager: Shutting down and abandoning module WmfMediaEditor (522)
[2018.06.13-22.35.38:186][138]LogModuleManager: Shutting down and abandoning module MediaPlayerEditor (520)
[2018.06.13-22.35.38:196][138]LogModuleManager: Shutting down and abandoning module OpenExrWrapper (518)
[2018.06.13-22.35.38:196][138]LogModuleManager: Shutting down and abandoning module ImgMediaFactory (516)
[2018.06.13-22.35.38:196][138]LogModuleManager: Shutting down and abandoning module ImgMediaEditor (514)
[2018.06.13-22.35.38:196][138]LogModuleManager: Shutting down and abandoning module AvfMediaFactory (512)
[2018.06.13-22.35.38:196][138]LogModuleManager: Shutting down and abandoning module AvfMediaEditor (510)
[2018.06.13-22.35.38:196][138]LogModuleManager: Shutting down and abandoning module AndroidMediaFactory (508)
[2018.06.13-22.35.38:196][138]LogModuleManager: Shutting down and abandoning module AndroidMediaEditor (506)
[2018.06.13-22.35.38:196][138]LogModuleManager: Shutting down and abandoning module CharacterAI (504)
[2018.06.13-22.35.38:196][138]LogModuleManager: Shutting down and abandoning module SmartSnapping (502)
[2018.06.13-22.35.38:196][138]LogModuleManager: Shutting down and abandoning module SessionServices (500)
[2018.06.13-22.35.38:196][138]LogModuleManager: Shutting down and abandoning module ViewportSnapping (498)
[2018.06.13-22.35.38:197][138]LogModuleManager: Shutting down and abandoning module ViewportInteraction (496)
[2018.06.13-22.35.38:197][138]LogModuleManager: Shutting down and abandoning module ClothPainter (494)
[2018.06.13-22.35.38:215][138]LogModuleManager: Shutting down and abandoning module SkeletalMeshEditor (493)
[2018.06.13-22.35.38:215][138]LogModuleManager: Shutting down and abandoning module LogVisualizer (490)
[2018.06.13-22.35.38:240][138]LogModuleManager: Shutting down and abandoning module IntroTutorials (488)
[2018.06.13-22.35.38:250][138]LogModuleManager: Shutting down and abandoning module GameProjectGeneration (487)
[2018.06.13-22.35.38:266][138]LogModuleManager: Shutting down and abandoning module IOSPlatformEditor (484)
[2018.06.13-22.35.38:266][138]LogModuleManager: Shutting down and abandoning module HTML5PlatformEditor (482)
[2018.06.13-22.35.38:267][138]LogModuleManager: Shutting down and abandoning module AndroidPlatformEditor (480)
[2018.06.13-22.35.38:267][138]LogModuleManager: Shutting down and abandoning module AndroidDeviceDetection (479)
[2018.06.13-22.35.39:269][138]LogModuleManager: Shutting down and abandoning module WindowsPlatformEditor (476)
[2018.06.13-22.35.39:269][138]LogModuleManager: Shutting down and abandoning module IOSRuntimeSettings (474)
[2018.06.13-22.35.39:269][138]LogModuleManager: Shutting down and abandoning module AndroidRuntimeSettings (472)
[2018.06.13-22.35.39:269][138]LogModuleManager: Shutting down and abandoning module InputBindingEditor (470)
[2018.06.13-22.35.39:269][138]LogModuleManager: Shutting down and abandoning module MergeActors (468)
[2018.06.13-22.35.39:281][138]LogModuleManager: Shutting down and abandoning module LocalizationDashboard (466)
[2018.06.13-22.35.39:301][138]LogModuleManager: Shutting down and abandoning module LocalizationService (465)
[2018.06.13-22.35.39:311][138]LogModuleManager: Shutting down and abandoning module HardwareTargeting (462)
[2018.06.13-22.35.39:311][138]LogModuleManager: Shutting down and abandoning module DeviceProfileEditor (460)
[2018.06.13-22.35.39:323][138]LogModuleManager: Shutting down and abandoning module UndoHistory (458)
[2018.06.13-22.35.39:323][138]LogModuleManager: Shutting down and abandoning module XmlParser (456)
[2018.06.13-22.35.39:323][138]LogModuleManager: Shutting down and abandoning module Blutility (454)
[2018.06.13-22.35.39:323][138]LogModuleManager: Shutting down and abandoning module ProjectSettingsViewer (452)
[2018.06.13-22.35.39:323][138]LogModuleManager: Shutting down and abandoning module ProjectTargetPlatformEditor (451)
[2018.06.13-22.35.39:324][138]LogModuleManager: Shutting down and abandoning module EditorSettingsViewer (448)
[2018.06.13-22.35.39:324][138]LogModuleManager: Shutting down and abandoning module SettingsEditor (446)
[2018.06.13-22.35.39:324][138]LogModuleManager: Shutting down and abandoning module ProjectLauncher (444)
[2018.06.13-22.35.39:340][138]LogModuleManager: Shutting down and abandoning module SessionFrontend (442)
[2018.06.13-22.35.39:348][138]LogModuleManager: Shutting down and abandoning module ProfilerClient (440)
[2018.06.13-22.35.39:358][138]LogModuleManager: Shutting down and abandoning module DeviceManager (438)
[2018.06.13-22.35.39:374][138]LogModuleManager: Shutting down and abandoning module TargetDeviceServices (437)
[2018.06.13-22.35.39:444][138]LogModuleManager: Shutting down and abandoning module AutomationController (434)
[2018.06.13-22.35.39:455][138]LogModuleManager: Shutting down and abandoning module AutomationWindow (432)
[2018.06.13-22.35.39:462][138]LogModuleManager: Shutting down and abandoning module Layers (430)
[2018.06.13-22.35.39:478][138]LogModuleManager: Shutting down and abandoning module ComponentVisualizers (428)
[2018.06.13-22.35.39:478][138]LogModuleManager: Shutting down and abandoning module DetailCustomizations (426)
[2018.06.13-22.35.39:494][138]LogModuleManager: Shutting down and abandoning module PackagesDialog (424)
[2018.06.13-22.35.39:509][138]LogModuleManager: Shutting down and abandoning module Persona (422)
[2018.06.13-22.35.39:529][138]LogModuleManager: Shutting down and abandoning module AdvancedPreviewScene (421)
[2018.06.13-22.35.39:530][138]LogModuleManager: Shutting down and abandoning module AnimGraph (419)
[2018.06.13-22.35.39:530][138]LogModuleManager: Shutting down and abandoning module Kismet (416)
[2018.06.13-22.35.39:547][138]LogModuleManager: Shutting down and abandoning module GraphEditor (414)
[2018.06.13-22.35.39:576][138]LogModuleManager: Shutting down and abandoning module ClassViewer (412)
[2018.06.13-22.35.39:576][138]LogModuleManager: Shutting down and abandoning module Toolbox (410)
[2018.06.13-22.35.39:576][138]LogModuleManager: Shutting down and abandoning module ModuleUI (408)
[2018.06.13-22.35.39:583][138]LogModuleManager: Shutting down and abandoning module MovieSceneTools (406)
[2018.06.13-22.35.39:600][138]LogModuleManager: Shutting down and abandoning module OutputLog (404)
[2018.06.13-22.35.39:600][138]LogModuleManager: Shutting down and abandoning module GammaUI (402)
[2018.06.13-22.35.39:615][138]LogModuleManager: Shutting down and abandoning module Documentation (400)
[2018.06.13-22.35.39:616][138]LogModuleManager: Shutting down and abandoning module MovieSceneTracks (398)
[2018.06.13-22.35.39:616][138]LogModuleManager: Shutting down and abandoning module MovieScene (396)
[2018.06.13-22.35.39:616][138]LogModuleManager: Shutting down and abandoning module StreamingPauseRendering (394)
[2018.06.13-22.35.39:616][138]LogModuleManager: Shutting down and abandoning module LauncherPlatform (392)
[2018.06.13-22.35.39:616][138]LogModuleManager: Shutting down and abandoning module AnalyticsET (390)
[2018.06.13-22.35.39:616][138]LogModuleManager: Shutting down and abandoning module PortalServices (388)
[2018.06.13-22.35.39:616][138]LogModuleManager: Shutting down and abandoning module PortalRpc (386)
[2018.06.13-22.35.39:616][138]LogModuleManager: Shutting down and abandoning module MessagingRpc (384)
[2018.06.13-22.35.39:616][138]LogModuleManager: Shutting down and abandoning module AIModule (382)
[2018.06.13-22.35.39:616][138]LogModuleManager: Shutting down and abandoning module GameplayDebugger (381)
[2018.06.13-22.35.39:616][138]LogModuleManager: Shutting down and abandoning module AITestSuite (379)
[2018.06.13-22.35.39:633][138]LogModuleManager: Shutting down and abandoning module ProfilerService (376)
[2018.06.13-22.35.39:789][138]LogModuleManager: Shutting down and abandoning module TaskGraph (374)
[2018.06.13-22.35.39:798][138]LogModuleManager: Shutting down and abandoning module SteamVRController (372)
[2018.06.13-22.35.39:799][138]LogModuleManager: Shutting down and abandoning module ProceduralMeshComponentEditor (370)
[2018.06.13-22.35.39:799][138]LogModuleManager: Shutting down and abandoning module ProceduralMeshComponent (368)
[2018.06.13-22.35.39:808][138]LogModuleManager: Shutting down and abandoning module OculusInput (366)
[2018.06.13-22.35.39:821][138]LogModuleManager: Shutting down and abandoning module MobilePatchingUtils (364)
[2018.06.13-22.35.39:821][138]LogModuleManager: Shutting down and abandoning module CustomMeshComponent (362)
[2018.06.13-22.35.39:821][138]LogModuleManager: Shutting down and abandoning module CableComponent (360)
[2018.06.13-22.35.39:838][138]LogModuleManager: Shutting down and abandoning module AudioCapture (358)
[2018.06.13-22.35.39:838][138]LogModuleManager: Shutting down and abandoning module ArchVisCharacter (356)
[2018.06.13-22.35.39:838][138]LogModuleManager: Shutting down and abandoning module AndroidPermission (354)
[2018.06.13-22.35.39:838][138]LogModuleManager: Shutting down and abandoning module NUTUnrealEngine4 (350)
[2018.06.13-22.35.39:838][138]LogModuleManager: Shutting down and abandoning module NetcodeUnitTest (348)
[2018.06.13-22.35.39:861][138]LogModuleManager: Shutting down and abandoning module MediaCompositingEditor (346)
[2018.06.13-22.35.39:861][138]LogModuleManager: Shutting down and abandoning module MediaCompositing (344)
[2018.06.13-22.35.39:861][138]LogModuleManager: Shutting down and abandoning module LinearTimecode (342)
[2018.06.13-22.35.39:861][138]LogModuleManager: Shutting down and abandoning module ImgMedia (340)
[2018.06.13-22.35.39:878][138]LogModuleManager: Shutting down and abandoning module HTML5Networking (338)
[2018.06.13-22.35.39:878][138]LogModuleManager: Shutting down and abandoning module AlembicImporter (336)
[2018.06.13-22.35.39:897][138]LogModuleManager: Shutting down and abandoning module AlembicLibrary (335)
[2018.06.13-22.35.39:897][138]LogModuleManager: Shutting down and abandoning module GeometryCache (334)
[2018.06.13-22.35.39:897][138]LogModuleManager: Shutting down and abandoning module GeometryCacheEd (333)
[2018.06.13-22.35.39:897][138]LogModuleManager: Shutting down and abandoning module DatasmithContent (328)
[2018.06.13-22.35.39:897][138]LogModuleManager: Shutting down and abandoning module SpeedTreeImporter (326)
[2018.06.13-22.35.39:897][138]LogModuleManager: Shutting down and abandoning module PluginBrowser (324)
[2018.06.13-22.35.39:915][138]LogModuleManager: Shutting down and abandoning module MobileLauncherProfileWizard (322)
[2018.06.13-22.35.39:930][138]LogModuleManager: Shutting down and abandoning module CryptoKeysOpenSSL (320)
[2018.06.13-22.35.39:941][138]LogModuleManager: Shutting down and abandoning module CryptoKeys (318)
[2018.06.13-22.35.39:941][138]LogModuleManager: Shutting down and abandoning module VisualStudioSourceCodeAccess (316)
[2018.06.13-22.35.39:941][138]LogModuleManager: Shutting down and abandoning module VisualStudioCodeSourceCodeAccess (314)
[2018.06.13-22.35.39:941][138]LogModuleManager: Shutting down and abandoning module UObjectPlugin (312)
[2018.06.13-22.35.39:941][138]LogModuleManager: Shutting down and abandoning module SubversionSourceControl (310)
[2018.06.13-22.35.39:947][138]LogModuleManager: Shutting down and abandoning module PerforceSourceControl (308)
[2018.06.13-22.35.39:968][138]LogModuleManager: Shutting down and abandoning module GitSourceControl (306)
[2018.06.13-22.35.39:982][138]LogModuleManager: Shutting down and abandoning module SourceControl (305)
[2018.06.13-22.35.39:988][138]LogModuleManager: Shutting down and abandoning module CLionSourceCodeAccess (302)
[2018.06.13-22.35.40:006][138]LogModuleManager: Shutting down and abandoning module LightPropagationVolumeEditor (300)
[2018.06.13-22.35.40:006][138]LogModuleManager: Shutting down and abandoning module PaperTiledImporter (298)
[2018.06.13-22.35.40:006][138]LogModuleManager: Shutting down and abandoning module PaperSpriteSheetImporter (296)
[2018.06.13-22.35.40:006][138]LogModuleManager: Shutting down and abandoning module Paper2DEditor (294)
[2018.06.13-22.35.40:025][138]LogModuleManager: Shutting down and abandoning module MeshPaint (293)
[2018.06.13-22.35.40:042][138]LogModuleManager: Shutting down and abandoning module SalwaRTS (290)
[2018.06.13-22.35.40:042][138]LogModuleManager: Shutting down and abandoning module RuntimePhysXCooking (288)
[2018.06.13-22.35.40:042][138]LogModuleManager: Shutting down and abandoning module PhysXVehiclesEditor (286)
[2018.06.13-22.35.40:043][138]LogModuleManager: Shutting down and abandoning module PhysXVehicles (284)
[2018.06.13-22.35.40:043][138]LogModuleManager: Shutting down and abandoning module OculusEditor (282)
[2018.06.13-22.35.40:043][138]LogModuleManager: Shutting down and abandoning module LocationServicesBPLibrary (280)
[2018.06.13-22.35.40:043][138]LogModuleManager: Shutting down and abandoning module ImmediatePhysicsEditor (278)
[2018.06.13-22.35.40:043][138]LogModuleManager: Shutting down and abandoning module ImmediatePhysics (276)
[2018.06.13-22.35.40:059][138]LogModuleManager: Shutting down and abandoning module ActorSequence (274)
[2018.06.13-22.35.40:059][138]LogModuleManager: Shutting down and abandoning module UdpMessaging (272)
[2018.06.13-22.35.40:160][138]LogModuleManager: Shutting down and abandoning module TcpMessaging (270)
[2018.06.13-22.35.40:278][138]LogModuleManager: Shutting down and abandoning module GameplayTagsEditor (268)
[2018.06.13-22.35.40:286][138]LogModuleManager: Shutting down and abandoning module FacialAnimationEditor (266)
[2018.06.13-22.35.40:287][138]LogModuleManager: Shutting down and abandoning module FacialAnimation (264)
[2018.06.13-22.35.40:287][138]LogModuleManager: Shutting down and abandoning module DataValidation (262)
[2018.06.13-22.35.40:300][138]LogModuleManager: Shutting down and abandoning module AssetManagerEditor (260)
[2018.06.13-22.35.40:316][138]LogModuleManager: Shutting down and abandoning module LevelEditor (259)
[2018.06.13-22.35.40:322][138]LogModuleManager: Shutting down and abandoning module PixelInspectorModule (258)
[2018.06.13-22.35.40:336][138]LogModuleManager: Shutting down and abandoning module CommonMenuExtensions (256)
[2018.06.13-22.35.40:336][138]LogModuleManager: Shutting down and abandoning module MainFrame (254)
[2018.06.13-22.35.40:336][138]LogModuleManager: Shutting down and abandoning module HotReload (253)
[2018.06.13-22.35.40:347][138]LogDirectoryWatcher: A directory notification for 'C:/Users/Janusz Lorens/Documents/Unreal Projects/RTS/Binaries/Win64' was aborted.
[2018.06.13-22.35.40:347][138]LogModuleManager: Shutting down and abandoning module ContentBrowser (249)
[2018.06.13-22.35.40:348][138]LogModuleManager: Shutting down and abandoning module TreeMap (247)
[2018.06.13-22.35.40:354][138]LogModuleManager: Shutting down and abandoning module LightPropagationVolumeRuntime (244)
[2018.06.13-22.35.40:354][138]LogModuleManager: Shutting down and abandoning module LiveLinkEditor (242)
[2018.06.13-22.35.40:354][138]LogModuleManager: Shutting down and abandoning module LiveLink (240)
[2018.06.13-22.35.40:961][138]LogModuleManager: Shutting down and abandoning module Paper2D (238)
[2018.06.13-22.35.40:970][138]LogModuleManager: Shutting down and abandoning module WindowsMoviePlayer (236)
[2018.06.13-22.35.40:982][138]LogModuleManager: Shutting down and abandoning module WmfMedia (234)
[2018.06.13-22.35.40:995][138]LogModuleManager: Shutting down and abandoning module Media (233)
[2018.06.13-22.35.41:001][138]LogModuleManager: Shutting down and abandoning module PacketHandler (230)
[2018.06.13-22.35.41:001][138]LogModuleManager: Shutting down and abandoning module ClothingSystemEditor (228)
[2018.06.13-22.35.41:001][138]LogModuleManager: Shutting down and abandoning module ClothingSystemRuntime (226)
[2018.06.13-22.35.41:017][138]LogModuleManager: Shutting down and abandoning module MediaAssets (224)
[2018.06.13-22.35.41:017][138]LogModuleManager: Shutting down and abandoning module Overlay (222)
[2018.06.13-22.35.41:017][138]LogModuleManager: Shutting down and abandoning module OverlayEditor (221)
[2018.06.13-22.35.41:018][138]LogModuleManager: Shutting down and abandoning module VREditor (218)
[2018.06.13-22.35.41:026][138]LogModuleManager: Shutting down and abandoning module StringTableEditor (216)
[2018.06.13-22.35.41:026][138]LogModuleManager: Shutting down and abandoning module GameplayTasksEditor (214)
[2018.06.13-22.35.41:026][138]LogModuleManager: Shutting down and abandoning module BehaviorTreeEditor (212)
[2018.06.13-22.35.41:049][138]LogModuleManager: Shutting down and abandoning module FunctionalTesting (210)
[2018.06.13-22.35.41:061][138]LogModuleManager: Shutting down and abandoning module CollisionAnalyzer (208)
[2018.06.13-22.35.41:075][138]LogModuleManager: Shutting down and abandoning module WorkspaceMenuStructure (207)
[2018.06.13-22.35.41:076][138]LogModuleManager: Shutting down and abandoning module UMG (204)
[2018.06.13-22.35.41:076][138]LogModuleManager: Shutting down and abandoning module UMGEditor (203)
[2018.06.13-22.35.41:097][138]LogModuleManager: Shutting down and abandoning module Sequencer (202)
[2018.06.13-22.35.41:113][138]LogModuleManager: Shutting down and abandoning module MessageLog (199)
[2018.06.13-22.35.41:113][138]LogModuleManager: Shutting down and abandoning module SlateReflector (194)
[2018.06.13-22.35.41:131][138]LogModuleManager: Shutting down and abandoning module Slate (192)
[2018.06.13-22.35.41:131][138]LogModuleManager: Shutting down and abandoning module EditorStyle (190)
[2018.06.13-22.35.41:132][138]LogModuleManager: Shutting down and abandoning module MRMesh (188)
[2018.06.13-22.35.41:132][138]LogModuleManager: Shutting down and abandoning module SourceCodeAccess (186)
[2018.06.13-22.35.41:132][138]LogModuleManager: Shutting down and abandoning module HeadMountedDisplay (184)
[2018.06.13-22.35.41:132][138]LogModuleManager: Shutting down and abandoning module XAudio2 (182)
[2018.06.13-22.35.41:132][138]LogModuleManager: Shutting down and abandoning module Networking (180)
[2018.06.13-22.35.41:133][138]LogModuleManager: Shutting down and abandoning module Core (178)
[2018.06.13-22.35.41:133][138]LogModuleManager: Shutting down and abandoning module LevelSequence (176)
[2018.06.13-22.35.41:143][138]LogModuleManager: Shutting down and abandoning module KismetCompiler (174)
[2018.06.13-22.35.41:143][138]LogModuleManager: Shutting down and abandoning module MeshUtilities (172)
[2018.06.13-22.35.41:163][138]LogModuleManager: Shutting down and abandoning module MeshMergeUtilities (171)
[2018.06.13-22.35.41:164][138]LogModuleManager: Shutting down and abandoning module MeshReductionInterface (170)
[2018.06.13-22.35.41:164][138]LogModuleManager: Shutting down and abandoning module SimplygonSwarm (169)
[2018.06.13-22.35.41:174][138]LogModuleManager: Shutting down and abandoning module SimplygonMeshReduction (167)
[2018.06.13-22.35.41:183][138]LogModuleManager: Shutting down and abandoning module QuadricMeshReduction (165)
[2018.06.13-22.35.41:194][138]LogModuleManager: Shutting down and abandoning module MaterialBaking (161)
[2018.06.13-22.35.41:203][138]LogModuleManager: Shutting down and abandoning module DirectoryWatcher (157)
[2018.06.13-22.35.41:205][138]LogModuleManager: Shutting down and abandoning module DerivedDataCache (154)
[2018.06.13-22.35.41:231][138]LogDerivedDataCache: Shutdown
[2018.06.13-22.35.41:231][138]LogModuleManager: Shutting down and abandoning module XGEController (152)
[2018.06.13-22.35.41:231][138]LogXGEController: Cleaning working directory: C:/Users/Janusz Lorens/AppData/Local/Temp/UnrealXGEWorkingDir/
[2018.06.13-22.35.41:232][138]LogModuleManager: Shutting down and abandoning module TargetPlatform (150)
[2018.06.13-22.35.41:232][138]LogModuleManager: Shutting down and abandoning module VulkanShaderFormat (149)
[2018.06.13-22.35.41:248][138]LogModuleManager: Shutting down and abandoning module ShaderFormatVectorVM (147)
[2018.06.13-22.35.41:260][138]LogModuleManager: Shutting down and abandoning module ShaderFormatOpenGL (145)
[2018.06.13-22.35.41:270][138]LogModuleManager: Shutting down and abandoning module ShaderFormatD3D (143)
[2018.06.13-22.35.41:279][138]LogModuleManager: Shutting down and abandoning module MetalShaderFormat (141)
[2018.06.13-22.35.41:292][138]LogModuleManager: Shutting down and abandoning module TextureFormatUncompressed (139)
[2018.06.13-22.35.41:292][138]LogModuleManager: Shutting down and abandoning module TextureFormatPVR (137)
[2018.06.13-22.35.41:292][138]LogModuleManager: Shutting down and abandoning module TextureFormatDXT (135)
[2018.06.13-22.35.41:305][138]LogModuleManager: Shutting down and abandoning module TextureFormatIntelISPCTexComp (133)
[2018.06.13-22.35.41:313][138]LogModuleManager: Shutting down and abandoning module TextureFormatASTC (131)
[2018.06.13-22.35.41:313][138]LogModuleManager: Shutting down and abandoning module ImageWrapper (130)
[2018.06.13-22.35.41:313][138]LogModuleManager: Shutting down and abandoning module TextureFormatAndroid (127)
[2018.06.13-22.35.41:313][138]LogModuleManager: Shutting down and abandoning module AudioFormatOpus (125)
[2018.06.13-22.35.41:313][138]LogModuleManager: Shutting down and abandoning module AudioFormatOgg (123)
[2018.06.13-22.35.41:313][138]LogModuleManager: Shutting down and abandoning module AudioFormatADPCM (121)
[2018.06.13-22.35.41:313][138]LogModuleManager: Shutting down and abandoning module LinuxTargetPlatform (119)
[2018.06.13-22.35.41:313][138]LogModuleManager: Shutting down and abandoning module LinuxServerTargetPlatform (117)
[2018.06.13-22.35.41:313][138]LogModuleManager: Shutting down and abandoning module LinuxNoEditorTargetPlatform (115)
[2018.06.13-22.35.41:313][138]LogModuleManager: Shutting down and abandoning module LinuxClientTargetPlatform (113)
[2018.06.13-22.35.41:314][138]LogModuleManager: Shutting down and abandoning module TVOSTargetPlatform (111)
[2018.06.13-22.35.41:314][138]LogModuleManager: Shutting down and abandoning module Messaging (109)
[2018.06.13-22.35.41:314][138]LogModuleManager: Shutting down and abandoning module IOSTargetPlatform (107)
[2018.06.13-22.35.41:314][138]LogModuleManager: Shutting down and abandoning module HTML5TargetPlatform (105)
[2018.06.13-22.35.41:314][138]LogModuleManager: Shutting down and abandoning module AndroidTargetPlatform (103)
[2018.06.13-22.35.41:314][138]LogModuleManager: Shutting down and abandoning module Android_PVRTCTargetPlatform (101)
[2018.06.13-22.35.41:314][138]LogModuleManager: Shutting down and abandoning module Android_MultiTargetPlatform (99)
[2018.06.13-22.35.41:314][138]LogModuleManager: Shutting down and abandoning module Android_ETC2TargetPlatform (97)
[2018.06.13-22.35.41:314][138]LogModuleManager: Shutting down and abandoning module Android_ETC1TargetPlatform (95)
[2018.06.13-22.35.41:314][138]LogModuleManager: Shutting down and abandoning module Android_ETC1aTargetPlatform (93)
[2018.06.13-22.35.41:314][138]LogModuleManager: Shutting down and abandoning module Android_DXTTargetPlatform (91)
[2018.06.13-22.35.41:314][138]LogModuleManager: Shutting down and abandoning module Android_ATCTargetPlatform (89)
[2018.06.13-22.35.41:314][138]LogModuleManager: Shutting down and abandoning module Android_ASTCTargetPlatform (87)
[2018.06.13-22.35.41:314][138]LogModuleManager: Shutting down and abandoning module WindowsTargetPlatform (85)
[2018.06.13-22.35.41:314][138]LogModuleManager: Shutting down and abandoning module WindowsServerTargetPlatform (83)
[2018.06.13-22.35.41:314][138]LogModuleManager: Shutting down and abandoning module WindowsNoEditorTargetPlatform (81)
[2018.06.13-22.35.41:314][138]LogModuleManager: Shutting down and abandoning module WindowsClientTargetPlatform (79)
[2018.06.13-22.35.41:315][138]LogModuleManager: Shutting down and abandoning module MacTargetPlatform (77)
[2018.06.13-22.35.41:315][138]LogModuleManager: Shutting down and abandoning module MacServerTargetPlatform (75)
[2018.06.13-22.35.41:315][138]LogModuleManager: Shutting down and abandoning module MacNoEditorTargetPlatform (73)
[2018.06.13-22.35.41:315][138]LogModuleManager: Shutting down and abandoning module MacClientTargetPlatform (71)
[2018.06.13-22.35.41:315][138]LogModuleManager: Shutting down and abandoning module AllDesktopTargetPlatform (69)
[2018.06.13-22.35.41:315][138]LogModuleManager: Shutting down and abandoning module InputCore (66)
[2018.06.13-22.35.41:315][138]LogModuleManager: Shutting down and abandoning module Settings (64)
[2018.06.13-22.35.41:315][138]LogModuleManager: Shutting down and abandoning module PhysXCooking (62)
[2018.06.13-22.35.41:315][138]LogModuleManager: Shutting down and abandoning module SteamVR (60)
[2018.06.13-22.35.41:315][138]LogModuleManager: Shutting down and abandoning module OculusHMD (58)
[2018.06.13-22.35.41:324][138]LogModuleManager: Shutting down and abandoning module ExampleDeviceProfileSelector (56)
[2018.06.13-22.35.41:324][138]LogModuleManager: Shutting down and abandoning module AppleARKit (54)
[2018.06.13-22.35.41:324][138]LogModuleManager: Shutting down and abandoning module AugmentedReality (51)
[2018.06.13-22.35.41:324][138]LogModuleManager: Shutting down and abandoning module OnlineBlueprintSupport (48)
[2018.06.13-22.35.41:324][138]LogModuleManager: Shutting down and abandoning module OnlineSubsystem (44)
[2018.06.13-22.35.41:346][138]LogModuleManager: Shutting down and abandoning module XMPP (43)
[2018.06.13-22.35.41:366][138]LogModuleManager: Shutting down and abandoning module HTTP (41)
[2018.06.13-22.35.41:379][138]LogHttp: Display: Http module shutting down, but needs to wait on 1 outstanding Http requests:
[2018.06.13-22.35.41:379][138]LogHttp: Display: 	verb=[POST] url=[https://datarouter.ol.epicgames.com/datarouter/api/v1/public/data?SessionID=%7B7BF87D1B-497C-87B6-7DDA-7DAA92F7C2D0%7D&AppID=UEEditor.Rocket.Release&AppVersion=4.19.2-4033788%2B%2B%2BUE4%2BRelease-4.19&UserID=3903cd52441b39f3715803bccafbf4f8%7Cb5cca6d7b5dc41b8ba5e7b6168495681%7C7c4bcf59-7117-48c3-a434-bdeda05eb705&AppEnvironment=datacollector-binary&UploadType=eteventstream] status=Processing
[2018.06.13-22.35.41:411][138]LogModuleManager: Shutting down and abandoning module SSL (40)
[2018.06.13-22.35.41:420][138]LogModuleManager: Shutting down and abandoning module AnimationModifiers (36)
[2018.06.13-22.35.41:433][138]LogModuleManager: Shutting down and abandoning module PropertyEditor (35)
[2018.06.13-22.35.41:473][138]LogModuleManager: Shutting down and abandoning module AudioEditor (32)
[2018.06.13-22.35.41:490][138]LogModuleManager: Shutting down and abandoning module TextureCompressor (30)
[2018.06.13-22.35.41:508][138]LogModuleManager: Shutting down and abandoning module ShaderCore (28)
[2018.06.13-22.35.41:508][138]LogModuleManager: Shutting down and abandoning module Landscape (26)
[2018.06.13-22.35.41:508][138]LogModuleManager: Shutting down and abandoning module SlateRHIRenderer (24)
[2018.06.13-22.35.41:518][138]LogModuleManager: Shutting down and abandoning module OpenGLDrv (22)
[2018.06.13-22.35.41:531][138]LogModuleManager: Shutting down and abandoning module D3D11RHI (20)
[2018.06.13-22.35.41:531][138]LogModuleManager: Shutting down and abandoning module AnimGraphRuntime (18)
[2018.06.13-22.35.41:542][138]LogModuleManager: Shutting down and abandoning module Renderer (16)
[2018.06.13-22.35.41:542][138]LogModuleManager: Shutting down and abandoning module Engine (14)
[2018.06.13-22.35.41:542][138]LogModuleManager: Shutting down and abandoning module CoreUObject (12)
[2018.06.13-22.35.41:542][138]LogModuleManager: Shutting down and abandoning module NetworkFile (10)
[2018.06.13-22.35.41:558][138]LogModuleManager: Shutting down and abandoning module CookedIterativeFile (8)
[2018.06.13-22.35.41:558][138]LogModuleManager: Shutting down and abandoning module StreamingFile (6)
[2018.06.13-22.35.41:569][138]LogModuleManager: Shutting down and abandoning module SandboxFile (4)
[2018.06.13-22.35.41:580][138]LogModuleManager: Shutting down and abandoning module PakFile (2)
[2018.06.13-22.35.41:612][138]LogExit: Exiting.
[2018.06.13-22.35.41:639][138]Log file closed, 06/14/18 00:35:41
